2018-05-18 00:00:00,955  INFO PurchaseTask:26 - 计算开票数量及状态耗时0秒
2018-05-18 00:02:00,845  INFO PurchaseTask:26 - 计算开票数量及状态耗时0秒
2018-05-18 00:04:01,212  INFO PurchaseTask:26 - 计算开票数量及状态耗时1秒
2018-05-18 00:06:00,797  INFO PurchaseTask:26 - 计算开票数量及状态耗时0秒
2018-05-18 00:08:01,209  INFO PurchaseTask:26 - 计算开票数量及状态耗时1秒
2018-05-18 00:10:00,787  INFO PurchaseTask:26 - 计算开票数量及状态耗时0秒
2018-05-18 00:12:00,815  INFO PurchaseTask:26 - 计算开票数量及状态耗时0秒
2018-05-18 00:14:01,227  INFO PurchaseTask:26 - 计算开票数量及状态耗时1秒
2018-05-18 00:16:00,779  INFO PurchaseTask:26 - 计算开票数量及状态耗时0秒
2018-05-18 00:18:01,213  INFO PurchaseTask:26 - 计算开票数量及状态耗时1秒
2018-05-18 00:20:01,175  INFO PurchaseTask:26 - 计算开票数量及状态耗时1秒
2018-05-18 00:22:00,828  INFO PurchaseTask:26 - 计算开票数量及状态耗时0秒
2018-05-18 00:24:01,117  INFO PurchaseTask:26 - 计算开票数量及状态耗时1秒
2018-05-18 00:26:00,788  INFO PurchaseTask:26 - 计算开票数量及状态耗时0秒
2018-05-18 00:28:01,216  INFO PurchaseTask:26 - 计算开票数量及状态耗时1秒
2018-05-18 00:30:00,801  INFO PurchaseTask:26 - 计算开票数量及状态耗时0秒
2018-05-18 00:32:00,856  INFO PurchaseTask:26 - 计算开票数量及状态耗时0秒
2018-05-18 00:34:01,207  INFO PurchaseTask:26 - 计算开票数量及状态耗时1秒
2018-05-18 00:36:01,112  INFO PurchaseTask:26 - 计算开票数量及状态耗时1秒
2018-05-18 00:38:01,211  INFO PurchaseTask:26 - 计算开票数量及状态耗时1秒
2018-05-18 00:40:01,219  INFO PurchaseTask:26 - 计算开票数量及状态耗时1秒
2018-05-18 00:42:01,180  INFO PurchaseTask:26 - 计算开票数量及状态耗时1秒
2018-05-18 00:44:01,197  INFO PurchaseTask:26 - 计算开票数量及状态耗时1秒
2018-05-18 00:46:00,798  INFO PurchaseTask:26 - 计算开票数量及状态耗时0秒
2018-05-18 00:48:01,182  INFO PurchaseTask:26 - 计算开票数量及状态耗时1秒
2018-05-18 00:50:00,791  INFO PurchaseTask:26 - 计算开票数量及状态耗时0秒
2018-05-18 00:52:00,956  INFO PurchaseTask:26 - 计算开票数量及状态耗时0秒
2018-05-18 00:54:01,213  INFO PurchaseTask:26 - 计算开票数量及状态耗时1秒
2018-05-18 00:56:00,792  INFO PurchaseTask:26 - 计算开票数量及状态耗时0秒
2018-05-18 00:58:01,213  INFO PurchaseTask:26 - 计算开票数量及状态耗时1秒
2018-05-18 01:00:01,212  INFO PurchaseTask:26 - 计算开票数量及状态耗时1秒
2018-05-18 01:02:00,888  INFO PurchaseTask:26 - 计算开票数量及状态耗时0秒
2018-05-18 01:04:01,494  INFO PurchaseTask:26 - 计算开票数量及状态耗时1秒
2018-05-18 01:06:00,782  INFO PurchaseTask:26 - 计算开票数量及状态耗时0秒
2018-05-18 01:08:01,226  INFO PurchaseTask:26 - 计算开票数量及状态耗时1秒
2018-05-18 01:10:00,782  INFO PurchaseTask:26 - 计算开票数量及状态耗时0秒
2018-05-18 01:12:00,810  INFO PurchaseTask:26 - 计算开票数量及状态耗时0秒
2018-05-18 01:14:01,229  INFO PurchaseTask:26 - 计算开票数量及状态耗时1秒
2018-05-18 01:16:00,798  INFO PurchaseTask:26 - 计算开票数量及状态耗时0秒
2018-05-18 01:18:01,231  INFO PurchaseTask:26 - 计算开票数量及状态耗时1秒
2018-05-18 01:20:01,172  INFO PurchaseTask:26 - 计算开票数量及状态耗时1秒
2018-05-18 01:22:00,821  INFO PurchaseTask:26 - 计算开票数量及状态耗时0秒
2018-05-18 01:24:01,138  INFO PurchaseTask:26 - 计算开票数量及状态耗时1秒
2018-05-18 01:26:00,786  INFO PurchaseTask:26 - 计算开票数量及状态耗时0秒
2018-05-18 01:28:01,219  INFO PurchaseTask:26 - 计算开票数量及状态耗时1秒
2018-05-18 01:30:01,158  INFO PurchaseTask:26 - 计算开票数量及状态耗时1秒
2018-05-18 01:32:00,826  INFO PurchaseTask:26 - 计算开票数量及状态耗时0秒
2018-05-18 01:34:01,034  INFO PurchaseTask:26 - 计算开票数量及状态耗时1秒
2018-05-18 01:36:00,817  INFO PurchaseTask:26 - 计算开票数量及状态耗时0秒
2018-05-18 01:38:01,402  INFO PurchaseTask:26 - 计算开票数量及状态耗时1秒
2018-05-18 01:40:01,219  INFO PurchaseTask:26 - 计算开票数量及状态耗时1秒
2018-05-18 01:42:00,906  INFO PurchaseTask:26 - 计算开票数量及状态耗时0秒
2018-05-18 01:44:01,207  INFO PurchaseTask:26 - 计算开票数量及状态耗时1秒
2018-05-18 01:46:00,789  INFO PurchaseTask:26 - 计算开票数量及状态耗时0秒
2018-05-18 01:48:01,219  INFO PurchaseTask:26 - 计算开票数量及状态耗时1秒
2018-05-18 01:50:00,799  INFO PurchaseTask:26 - 计算开票数量及状态耗时0秒
2018-05-18 01:52:00,998  INFO PurchaseTask:26 - 计算开票数量及状态耗时0秒
2018-05-18 01:54:01,227  INFO PurchaseTask:26 - 计算开票数量及状态耗时1秒
2018-05-18 01:56:01,114  INFO PurchaseTask:26 - 计算开票数量及状态耗时1秒
2018-05-18 01:58:01,229  INFO PurchaseTask:26 - 计算开票数量及状态耗时1秒
2018-05-18 02:00:00,925  INFO PurchaseTask:26 - 计算开票数量及状态耗时0秒
2018-05-18 02:02:00,791  INFO PurchaseTask:26 - 计算开票数量及状态耗时0秒
2018-05-18 02:04:01,210  INFO PurchaseTask:26 - 计算开票数量及状态耗时1秒
2018-05-18 02:06:00,792  INFO PurchaseTask:26 - 计算开票数量及状态耗时0秒
2018-05-18 02:08:01,223  INFO PurchaseTask:26 - 计算开票数量及状态耗时1秒
2018-05-18 02:10:00,786  INFO PurchaseTask:26 - 计算开票数量及状态耗时0秒
2018-05-18 02:12:00,842  INFO PurchaseTask:26 - 计算开票数量及状态耗时0秒
2018-05-18 02:14:01,201  INFO PurchaseTask:26 - 计算开票数量及状态耗时1秒
2018-05-18 02:16:00,785  INFO PurchaseTask:26 - 计算开票数量及状态耗时0秒
2018-05-18 02:18:01,207  INFO PurchaseTask:26 - 计算开票数量及状态耗时1秒
2018-05-18 02:20:01,200  INFO PurchaseTask:26 - 计算开票数量及状态耗时1秒
2018-05-18 02:22:00,805  INFO PurchaseTask:26 - 计算开票数量及状态耗时0秒
2018-05-18 02:24:01,490  INFO PurchaseTask:26 - 计算开票数量及状态耗时1秒
2018-05-18 02:26:00,783  INFO PurchaseTask:26 - 计算开票数量及状态耗时0秒
2018-05-18 02:28:01,202  INFO PurchaseTask:26 - 计算开票数量及状态耗时1秒
2018-05-18 02:30:00,781  INFO PurchaseTask:26 - 计算开票数量及状态耗时0秒
2018-05-18 02:32:00,805  INFO PurchaseTask:26 - 计算开票数量及状态耗时0秒
2018-05-18 02:34:01,221  INFO PurchaseTask:26 - 计算开票数量及状态耗时1秒
2018-05-18 02:36:00,782  INFO PurchaseTask:26 - 计算开票数量及状态耗时0秒
2018-05-18 02:38:01,215  INFO PurchaseTask:26 - 计算开票数量及状态耗时1秒
2018-05-18 02:40:01,213  INFO PurchaseTask:26 - 计算开票数量及状态耗时1秒
2018-05-18 02:42:00,830  INFO PurchaseTask:26 - 计算开票数量及状态耗时0秒
2018-05-18 02:44:01,215  INFO PurchaseTask:26 - 计算开票数量及状态耗时1秒
2018-05-18 02:46:00,781  INFO PurchaseTask:26 - 计算开票数量及状态耗时0秒
2018-05-18 02:48:01,216  INFO PurchaseTask:26 - 计算开票数量及状态耗时1秒
2018-05-18 02:50:01,191  INFO PurchaseTask:26 - 计算开票数量及状态耗时1秒
2018-05-18 02:52:00,828  INFO PurchaseTask:26 - 计算开票数量及状态耗时0秒
2018-05-18 02:54:01,197  INFO PurchaseTask:26 - 计算开票数量及状态耗时1秒
2018-05-18 02:56:00,801  INFO PurchaseTask:26 - 计算开票数量及状态耗时0秒
2018-05-18 02:58:01,215  INFO PurchaseTask:26 - 计算开票数量及状态耗时1秒
2018-05-18 03:00:00,351  INFO PurchaseTask:26 - 计算开票数量及状态耗时0秒
2018-05-18 03:02:00,393  INFO PurchaseTask:26 - 计算开票数量及状态耗时0秒
2018-05-18 03:04:00,365  INFO PurchaseTask:26 - 计算开票数量及状态耗时0秒
2018-05-18 03:06:01,181  INFO PurchaseTask:26 - 计算开票数量及状态耗时1秒
2018-05-18 03:08:01,416  INFO PurchaseTask:26 - 计算开票数量及状态耗时1秒
2018-05-18 03:10:00,787  INFO PurchaseTask:26 - 计算开票数量及状态耗时0秒
2018-05-18 03:12:00,863  INFO PurchaseTask:26 - 计算开票数量及状态耗时0秒
2018-05-18 03:14:01,214  INFO PurchaseTask:26 - 计算开票数量及状态耗时1秒
2018-05-18 03:16:00,795  INFO PurchaseTask:26 - 计算开票数量及状态耗时0秒
2018-05-18 03:18:01,215  INFO PurchaseTask:26 - 计算开票数量及状态耗时1秒
2018-05-18 03:20:01,173  INFO PurchaseTask:26 - 计算开票数量及状态耗时1秒
2018-05-18 03:22:00,820  INFO PurchaseTask:26 - 计算开票数量及状态耗时0秒
2018-05-18 03:24:01,169  INFO PurchaseTask:26 - 计算开票数量及状态耗时1秒
2018-05-18 03:26:01,055  INFO PurchaseTask:26 - 计算开票数量及状态耗时1秒
2018-05-18 03:28:01,215  INFO PurchaseTask:26 - 计算开票数量及状态耗时1秒
2018-05-18 03:30:00,766  INFO PurchaseTask:26 - 计算开票数量及状态耗时0秒
2018-05-18 03:32:00,884  INFO PurchaseTask:26 - 计算开票数量及状态耗时0秒
2018-05-18 03:34:01,186  INFO PurchaseTask:26 - 计算开票数量及状态耗时1秒
2018-05-18 03:36:00,807  INFO PurchaseTask:26 - 计算开票数量及状态耗时0秒
2018-05-18 03:38:01,223  INFO PurchaseTask:26 - 计算开票数量及状态耗时1秒
2018-05-18 03:40:01,555  INFO PurchaseTask:26 - 计算开票数量及状态耗时1秒
2018-05-18 03:42:00,874  INFO PurchaseTask:26 - 计算开票数量及状态耗时0秒
2018-05-18 03:44:01,217  INFO PurchaseTask:26 - 计算开票数量及状态耗时1秒
2018-05-18 03:46:00,794  INFO PurchaseTask:26 - 计算开票数量及状态耗时0秒
2018-05-18 03:48:01,212  INFO PurchaseTask:26 - 计算开票数量及状态耗时1秒
2018-05-18 03:50:00,788  INFO PurchaseTask:26 - 计算开票数量及状态耗时0秒
2018-05-18 03:52:00,856  INFO PurchaseTask:26 - 计算开票数量及状态耗时0秒
2018-05-18 03:54:01,212  INFO PurchaseTask:26 - 计算开票数量及状态耗时1秒
2018-05-18 03:56:00,791  INFO PurchaseTask:26 - 计算开票数量及状态耗时0秒
2018-05-18 03:58:01,225  INFO PurchaseTask:26 - 计算开票数量及状态耗时1秒
2018-05-18 04:00:01,218  INFO PurchaseTask:26 - 计算开票数量及状态耗时1秒
2018-05-18 04:02:00,851  INFO PurchaseTask:26 - 计算开票数量及状态耗时0秒
2018-05-18 04:04:01,197  INFO PurchaseTask:26 - 计算开票数量及状态耗时1秒
2018-05-18 04:06:00,788  INFO PurchaseTask:26 - 计算开票数量及状态耗时0秒
2018-05-18 04:08:01,215  INFO PurchaseTask:26 - 计算开票数量及状态耗时1秒
2018-05-18 04:10:00,830  INFO PurchaseTask:26 - 计算开票数量及状态耗时0秒
2018-05-18 04:12:00,812  INFO PurchaseTask:26 - 计算开票数量及状态耗时0秒
2018-05-18 04:14:01,216  INFO PurchaseTask:26 - 计算开票数量及状态耗时1秒
2018-05-18 04:16:00,784  INFO PurchaseTask:26 - 计算开票数量及状态耗时0秒
2018-05-18 04:18:01,214  INFO PurchaseTask:26 - 计算开票数量及状态耗时1秒
2018-05-18 04:20:01,184  INFO PurchaseTask:26 - 计算开票数量及状态耗时1秒
2018-05-18 04:22:00,854  INFO PurchaseTask:26 - 计算开票数量及状态耗时0秒
2018-05-18 04:24:01,081  INFO PurchaseTask:26 - 计算开票数量及状态耗时1秒
2018-05-18 04:26:01,114  INFO PurchaseTask:26 - 计算开票数量及状态耗时1秒
2018-05-18 04:28:01,202  INFO PurchaseTask:26 - 计算开票数量及状态耗时1秒
2018-05-18 04:30:00,826  INFO PurchaseTask:26 - 计算开票数量及状态耗时0秒
2018-05-18 04:32:00,804  INFO PurchaseTask:26 - 计算开票数量及状态耗时0秒
2018-05-18 04:34:01,264  INFO PurchaseTask:26 - 计算开票数量及状态耗时1秒
2018-05-18 04:36:00,789  INFO PurchaseTask:26 - 计算开票数量及状态耗时0秒
2018-05-18 04:38:01,228  INFO PurchaseTask:26 - 计算开票数量及状态耗时1秒
2018-05-18 04:40:01,214  INFO PurchaseTask:26 - 计算开票数量及状态耗时1秒
2018-05-18 04:42:00,856  INFO PurchaseTask:26 - 计算开票数量及状态耗时0秒
2018-05-18 04:44:01,241  INFO PurchaseTask:26 - 计算开票数量及状态耗时1秒
2018-05-18 04:46:00,783  INFO PurchaseTask:26 - 计算开票数量及状态耗时0秒
2018-05-18 04:48:01,212  INFO PurchaseTask:26 - 计算开票数量及状态耗时1秒
2018-05-18 04:50:00,787  INFO PurchaseTask:26 - 计算开票数量及状态耗时0秒
2018-05-18 04:52:00,990  INFO PurchaseTask:26 - 计算开票数量及状态耗时0秒
2018-05-18 04:54:01,209  INFO PurchaseTask:26 - 计算开票数量及状态耗时1秒
2018-05-18 04:56:00,783  INFO PurchaseTask:26 - 计算开票数量及状态耗时0秒
2018-05-18 04:58:01,552  INFO PurchaseTask:26 - 计算开票数量及状态耗时1秒
2018-05-18 05:00:01,215  INFO PurchaseTask:26 - 计算开票数量及状态耗时1秒
2018-05-18 05:02:00,836  INFO PurchaseTask:26 - 计算开票数量及状态耗时0秒
2018-05-18 05:04:01,212  INFO PurchaseTask:26 - 计算开票数量及状态耗时1秒
2018-05-18 05:06:00,809  INFO PurchaseTask:26 - 计算开票数量及状态耗时0秒
2018-05-18 05:08:01,210  INFO PurchaseTask:26 - 计算开票数量及状态耗时1秒
2018-05-18 05:10:00,797  INFO PurchaseTask:26 - 计算开票数量及状态耗时0秒
2018-05-18 05:12:01,052  INFO PurchaseTask:26 - 计算开票数量及状态耗时1秒
2018-05-18 05:14:01,210  INFO PurchaseTask:26 - 计算开票数量及状态耗时1秒
2018-05-18 05:16:00,799  INFO PurchaseTask:26 - 计算开票数量及状态耗时0秒
2018-05-18 05:18:01,210  INFO PurchaseTask:26 - 计算开票数量及状态耗时1秒
2018-05-18 05:20:00,793  INFO PurchaseTask:26 - 计算开票数量及状态耗时0秒
2018-05-18 05:22:00,856  INFO PurchaseTask:26 - 计算开票数量及状态耗时0秒
2018-05-18 05:24:00,804  INFO PurchaseTask:26 - 计算开票数量及状态耗时0秒
2018-05-18 05:26:00,809  INFO PurchaseTask:26 - 计算开票数量及状态耗时0秒
2018-05-18 05:28:01,432  INFO PurchaseTask:26 - 计算开票数量及状态耗时1秒
2018-05-18 05:30:01,190  INFO PurchaseTask:26 - 计算开票数量及状态耗时1秒
2018-05-18 05:32:00,952  INFO PurchaseTask:26 - 计算开票数量及状态耗时0秒
2018-05-18 05:34:01,250  INFO PurchaseTask:26 - 计算开票数量及状态耗时1秒
2018-05-18 05:36:00,788  INFO PurchaseTask:26 - 计算开票数量及状态耗时0秒
2018-05-18 05:38:01,226  INFO PurchaseTask:26 - 计算开票数量及状态耗时1秒
2018-05-18 05:40:01,259  INFO PurchaseTask:26 - 计算开票数量及状态耗时1秒
2018-05-18 05:42:00,832  INFO PurchaseTask:26 - 计算开票数量及状态耗时0秒
2018-05-18 05:44:01,229  INFO PurchaseTask:26 - 计算开票数量及状态耗时1秒
2018-05-18 05:46:00,805  INFO PurchaseTask:26 - 计算开票数量及状态耗时0秒
2018-05-18 05:48:01,218  INFO PurchaseTask:26 - 计算开票数量及状态耗时1秒
2018-05-18 05:50:01,182  INFO PurchaseTask:26 - 计算开票数量及状态耗时1秒
2018-05-18 05:52:00,856  INFO PurchaseTask:26 - 计算开票数量及状态耗时0秒
2018-05-18 05:54:01,218  INFO PurchaseTask:26 - 计算开票数量及状态耗时1秒
2018-05-18 05:56:00,793  INFO PurchaseTask:26 - 计算开票数量及状态耗时0秒
2018-05-18 05:58:01,259  INFO PurchaseTask:26 - 计算开票数量及状态耗时1秒
2018-05-18 06:00:01,222  INFO PurchaseTask:26 - 计算开票数量及状态耗时1秒
2018-05-18 06:02:01,029  INFO PurchaseTask:26 - 计算开票数量及状态耗时1秒
2018-05-18 06:04:01,255  INFO PurchaseTask:26 - 计算开票数量及状态耗时1秒
2018-05-18 06:06:00,837  INFO PurchaseTask:26 - 计算开票数量及状态耗时0秒
2018-05-18 06:08:01,121  INFO PurchaseTask:26 - 计算开票数量及状态耗时1秒
2018-05-18 06:10:00,788  INFO PurchaseTask:26 - 计算开票数量及状态耗时0秒
2018-05-18 06:12:01,003  INFO PurchaseTask:26 - 计算开票数量及状态耗时0秒
2018-05-18 06:14:01,237  INFO PurchaseTask:26 - 计算开票数量及状态耗时1秒
2018-05-18 06:16:00,817  INFO PurchaseTask:26 - 计算开票数量及状态耗时0秒
2018-05-18 06:18:01,220  INFO PurchaseTask:26 - 计算开票数量及状态耗时1秒
2018-05-18 06:20:00,793  INFO PurchaseTask:26 - 计算开票数量及状态耗时0秒
2018-05-18 06:22:00,803  INFO PurchaseTask:26 - 计算开票数量及状态耗时0秒
2018-05-18 06:24:00,836  INFO PurchaseTask:26 - 计算开票数量及状态耗时0秒
2018-05-18 06:26:00,832  INFO PurchaseTask:26 - 计算开票数量及状态耗时0秒
2018-05-18 06:28:01,228  INFO PurchaseTask:26 - 计算开票数量及状态耗时1秒
2018-05-18 06:30:00,787  INFO PurchaseTask:26 - 计算开票数量及状态耗时0秒
2018-05-18 06:32:00,912  INFO PurchaseTask:26 - 计算开票数量及状态耗时0秒
2018-05-18 06:34:01,220  INFO PurchaseTask:26 - 计算开票数量及状态耗时1秒
2018-05-18 06:36:00,795  INFO PurchaseTask:26 - 计算开票数量及状态耗时0秒
2018-05-18 06:38:01,241  INFO PurchaseTask:26 - 计算开票数量及状态耗时1秒
2018-05-18 06:40:01,202  INFO PurchaseTask:26 - 计算开票数量及状态耗时1秒
2018-05-18 06:42:00,815  INFO PurchaseTask:26 - 计算开票数量及状态耗时0秒
2018-05-18 06:44:01,250  INFO PurchaseTask:26 - 计算开票数量及状态耗时1秒
2018-05-18 06:46:00,816  INFO PurchaseTask:26 - 计算开票数量及状态耗时0秒
2018-05-18 06:48:01,206  INFO PurchaseTask:26 - 计算开票数量及状态耗时1秒
2018-05-18 06:50:00,793  INFO PurchaseTask:26 - 计算开票数量及状态耗时0秒
2018-05-18 06:52:00,785  INFO PurchaseTask:26 - 计算开票数量及状态耗时0秒
2018-05-18 06:54:01,205  INFO PurchaseTask:26 - 计算开票数量及状态耗时1秒
2018-05-18 06:56:00,839  INFO PurchaseTask:26 - 计算开票数量及状态耗时0秒
2018-05-18 06:58:01,202  INFO PurchaseTask:26 - 计算开票数量及状态耗时1秒
2018-05-18 07:00:01,208  INFO PurchaseTask:26 - 计算开票数量及状态耗时1秒
2018-05-18 07:02:01,099  INFO PurchaseTask:26 - 计算开票数量及状态耗时1秒
2018-05-18 07:04:01,217  INFO PurchaseTask:26 - 计算开票数量及状态耗时1秒
2018-05-18 07:06:00,813  INFO PurchaseTask:26 - 计算开票数量及状态耗时0秒
2018-05-18 07:08:01,201  INFO PurchaseTask:26 - 计算开票数量及状态耗时1秒
2018-05-18 07:10:00,782  INFO PurchaseTask:26 - 计算开票数量及状态耗时0秒
2018-05-18 07:12:00,808  INFO PurchaseTask:26 - 计算开票数量及状态耗时0秒
2018-05-18 07:14:01,212  INFO PurchaseTask:26 - 计算开票数量及状态耗时1秒
2018-05-18 07:16:00,860  INFO PurchaseTask:26 - 计算开票数量及状态耗时0秒
2018-05-18 07:18:01,212  INFO PurchaseTask:26 - 计算开票数量及状态耗时1秒
2018-05-18 07:20:00,792  INFO PurchaseTask:26 - 计算开票数量及状态耗时0秒
2018-05-18 07:22:00,839  INFO PurchaseTask:26 - 计算开票数量及状态耗时0秒
2018-05-18 07:24:00,802  INFO PurchaseTask:26 - 计算开票数量及状态耗时0秒
2018-05-18 07:26:00,807  INFO PurchaseTask:26 - 计算开票数量及状态耗时0秒
2018-05-18 07:28:01,215  INFO PurchaseTask:26 - 计算开票数量及状态耗时1秒
2018-05-18 07:30:00,797  INFO PurchaseTask:26 - 计算开票数量及状态耗时0秒
2018-05-18 07:32:00,792  INFO PurchaseTask:26 - 计算开票数量及状态耗时0秒
2018-05-18 07:34:01,220  INFO PurchaseTask:26 - 计算开票数量及状态耗时1秒
2018-05-18 07:36:00,799  INFO PurchaseTask:26 - 计算开票数量及状态耗时0秒
2018-05-18 07:38:01,211  INFO PurchaseTask:26 - 计算开票数量及状态耗时1秒
2018-05-18 07:40:01,216  INFO PurchaseTask:26 - 计算开票数量及状态耗时1秒
2018-05-18 07:42:00,799  INFO PurchaseTask:26 - 计算开票数量及状态耗时0秒
2018-05-18 07:44:01,215  INFO PurchaseTask:26 - 计算开票数量及状态耗时1秒
2018-05-18 07:46:00,798  INFO PurchaseTask:26 - 计算开票数量及状态耗时0秒
2018-05-18 07:48:01,223  INFO PurchaseTask:26 - 计算开票数量及状态耗时1秒
2018-05-18 07:50:00,780  INFO PurchaseTask:26 - 计算开票数量及状态耗时0秒
2018-05-18 07:52:01,111  INFO PurchaseTask:26 - 计算开票数量及状态耗时1秒
2018-05-18 07:54:01,218  INFO PurchaseTask:26 - 计算开票数量及状态耗时1秒
2018-05-18 07:56:00,807  INFO PurchaseTask:26 - 计算开票数量及状态耗时0秒
2018-05-18 07:58:01,216  INFO PurchaseTask:26 - 计算开票数量及状态耗时1秒
2018-05-18 08:00:01,205  INFO PurchaseTask:26 - 计算开票数量及状态耗时1秒
2018-05-18 08:02:00,812  INFO PurchaseTask:26 - 计算开票数量及状态耗时0秒
2018-05-18 08:04:01,512  INFO PurchaseTask:26 - 计算开票数量及状态耗时1秒
2018-05-18 08:06:00,812  INFO PurchaseTask:26 - 计算开票数量及状态耗时0秒
2018-05-18 08:08:01,221  INFO PurchaseTask:26 - 计算开票数量及状态耗时1秒
2018-05-18 08:10:00,785  INFO PurchaseTask:26 - 计算开票数量及状态耗时0秒
2018-05-18 08:12:01,021  INFO PurchaseTask:26 - 计算开票数量及状态耗时1秒
2018-05-18 08:14:01,214  INFO PurchaseTask:26 - 计算开票数量及状态耗时1秒
2018-05-18 08:16:01,732  INFO PurchaseTask:26 - 计算开票数量及状态耗时1秒
2018-05-18 08:18:01,205  INFO PurchaseTask:26 - 计算开票数量及状态耗时1秒
2018-05-18 08:20:00,823  INFO PurchaseTask:26 - 计算开票数量及状态耗时0秒
2018-05-18 08:22:00,808  INFO PurchaseTask:26 - 计算开票数量及状态耗时0秒
2018-05-18 08:24:00,792  INFO PurchaseTask:26 - 计算开票数量及状态耗时0秒
2018-05-18 08:26:00,824  INFO PurchaseTask:26 - 计算开票数量及状态耗时0秒
2018-05-18 08:28:01,228  INFO PurchaseTask:26 - 计算开票数量及状态耗时1秒
2018-05-18 08:30:01,199  INFO PurchaseTask:26 - 计算开票数量及状态耗时1秒
2018-05-18 08:32:01,090  INFO PurchaseTask:26 - 计算开票数量及状态耗时1秒
2018-05-18 08:34:01,222  INFO PurchaseTask:26 - 计算开票数量及状态耗时1秒
2018-05-18 08:36:00,796  INFO PurchaseTask:26 - 计算开票数量及状态耗时0秒
2018-05-18 08:38:01,214  INFO PurchaseTask:26 - 计算开票数量及状态耗时1秒
2018-05-18 08:40:01,207  INFO PurchaseTask:26 - 计算开票数量及状态耗时1秒
2018-05-18 08:42:01,116  INFO PurchaseTask:26 - 计算开票数量及状态耗时1秒
2018-05-18 08:44:01,231  INFO PurchaseTask:26 - 计算开票数量及状态耗时1秒
2018-05-18 08:46:00,807  INFO PurchaseTask:26 - 计算开票数量及状态耗时0秒
2018-05-18 08:48:01,218  INFO PurchaseTask:26 - 计算开票数量及状态耗时1秒
2018-05-18 08:50:01,200  INFO PurchaseTask:26 - 计算开票数量及状态耗时1秒
2018-05-18 08:52:00,806  INFO PurchaseTask:26 - 计算开票数量及状态耗时0秒
2018-05-18 08:54:01,220  INFO PurchaseTask:26 - 计算开票数量及状态耗时1秒
2018-05-18 08:56:00,806  INFO PurchaseTask:26 - 计算开票数量及状态耗时0秒
2018-05-18 08:58:01,248  INFO PurchaseTask:26 - 计算开票数量及状态耗时1秒
2018-05-18 09:00:01,227  INFO PurchaseTask:26 - 计算开票数量及状态耗时1秒
2018-05-18 09:02:00,868  INFO PurchaseTask:26 - 计算开票数量及状态耗时0秒
2018-05-18 09:04:01,239  INFO PurchaseTask:26 - 计算开票数量及状态耗时1秒
2018-05-18 09:06:01,085  INFO PurchaseTask:26 - 计算开票数量及状态耗时1秒
2018-05-18 09:08:01,228  INFO PurchaseTask:26 - 计算开票数量及状态耗时1秒
2018-05-18 09:10:00,778  INFO PurchaseTask:26 - 计算开票数量及状态耗时0秒
2018-05-18 09:12:00,814  INFO PurchaseTask:26 - 计算开票数量及状态耗时0秒
2018-05-18 09:14:01,149  INFO PurchaseTask:26 - 计算开票数量及状态耗时1秒
2018-05-18 09:16:00,829  INFO PurchaseTask:26 - 计算开票数量及状态耗时0秒
2018-05-18 09:18:01,249  INFO PurchaseTask:26 - 计算开票数量及状态耗时1秒
2018-05-18 09:20:00,775  INFO PurchaseTask:26 - 计算开票数量及状态耗时0秒
2018-05-18 09:22:01,237  INFO PurchaseTask:26 - 计算开票数量及状态耗时1秒
2018-05-18 09:24:00,819  INFO PurchaseTask:26 - 计算开票数量及状态耗时0秒
2018-05-18 09:26:00,812  INFO PurchaseTask:26 - 计算开票数量及状态耗时0秒
2018-05-18 09:28:01,236  INFO PurchaseTask:26 - 计算开票数量及状态耗时1秒
2018-05-18 09:30:00,886  INFO PurchaseTask:26 - 计算开票数量及状态耗时0秒
2018-05-18 09:32:00,968  INFO PurchaseTask:26 - 计算开票数量及状态耗时0秒
2018-05-18 09:34:01,283  INFO PurchaseTask:26 - 计算开票数量及状态耗时1秒
2018-05-18 09:36:01,181  INFO PurchaseTask:26 - 计算开票数量及状态耗时1秒
2018-05-18 09:38:01,226  INFO PurchaseTask:26 - 计算开票数量及状态耗时1秒
2018-05-18 09:40:01,283  INFO PurchaseTask:26 - 计算开票数量及状态耗时1秒
2018-05-18 09:42:00,935  INFO PurchaseTask:26 - 计算开票数量及状态耗时0秒
2018-05-18 09:44:01,311  INFO PurchaseTask:26 - 计算开票数量及状态耗时1秒
2018-05-18 09:46:00,930  INFO PurchaseTask:26 - 计算开票数量及状态耗时0秒
2018-05-18 09:48:01,348  INFO PurchaseTask:26 - 计算开票数量及状态耗时1秒
2018-05-18 09:50:01,283  INFO PurchaseTask:26 - 计算开票数量及状态耗时1秒
2018-05-18 09:52:00,890  INFO PurchaseTask:26 - 计算开票数量及状态耗时0秒
2018-05-18 09:54:01,286  INFO PurchaseTask:26 - 计算开票数量及状态耗时1秒
2018-05-18 09:56:00,876  INFO PurchaseTask:26 - 计算开票数量及状态耗时0秒
2018-05-18 09:58:01,286  INFO PurchaseTask:26 - 计算开票数量及状态耗时1秒
2018-05-18 10:00:01,316  INFO PurchaseTask:26 - 计算开票数量及状态耗时1秒
2018-05-18 10:02:01,266  INFO PurchaseTask:26 - 计算开票数量及状态耗时1秒
2018-05-18 10:04:01,243  INFO PurchaseTask:26 - 计算开票数量及状态耗时1秒
2018-05-18 10:06:00,855  INFO PurchaseTask:26 - 计算开票数量及状态耗时0秒
2018-05-18 10:08:01,232  INFO PurchaseTask:26 - 计算开票数量及状态耗时1秒
2018-05-18 10:10:01,017  INFO PurchaseTask:26 - 计算开票数量及状态耗时1秒
2018-05-18 10:12:00,892  INFO PurchaseTask:26 - 计算开票数量及状态耗时0秒
2018-05-18 10:14:02,176  INFO PurchaseTask:26 - 计算开票数量及状态耗时2秒
2018-05-18 10:16:00,888  INFO PurchaseTask:26 - 计算开票数量及状态耗时0秒
2018-05-18 10:18:01,520  INFO PurchaseTask:26 - 计算开票数量及状态耗时1秒
2018-05-18 10:20:02,979  INFO PurchaseTask:26 - 计算开票数量及状态耗时2秒
2018-05-18 10:22:00,868  INFO PurchaseTask:26 - 计算开票数量及状态耗时0秒
2018-05-18 10:24:01,241  INFO PurchaseTask:26 - 计算开票数量及状态耗时1秒
2018-05-18 10:26:01,425  INFO PurchaseTask:26 - 计算开票数量及状态耗时1秒
2018-05-18 10:28:01,637  INFO PurchaseTask:26 - 计算开票数量及状态耗时1秒
2018-05-18 10:30:00,775  INFO PurchaseTask:26 - 计算开票数量及状态耗时0秒
2018-05-18 10:32:00,964  INFO PurchaseTask:26 - 计算开票数量及状态耗时0秒
2018-05-18 10:34:01,191  INFO PurchaseTask:26 - 计算开票数量及状态耗时1秒
2018-05-18 10:36:01,068  INFO PurchaseTask:26 - 计算开票数量及状态耗时1秒
2018-05-18 10:38:01,214  INFO PurchaseTask:26 - 计算开票数量及状态耗时1秒
2018-05-18 10:40:01,224  INFO PurchaseTask:26 - 计算开票数量及状态耗时1秒
2018-05-18 10:42:00,917  INFO PurchaseTask:26 - 计算开票数量及状态耗时0秒
2018-05-18 10:44:02,423  INFO PurchaseTask:26 - 计算开票数量及状态耗时2秒
2018-05-18 10:46:01,231  INFO PurchaseTask:26 - 计算开票数量及状态耗时1秒
2018-05-18 10:48:01,211  INFO PurchaseTask:26 - 计算开票数量及状态耗时1秒
2018-05-18 10:50:01,329  INFO PurchaseTask:26 - 计算开票数量及状态耗时1秒
2018-05-18 10:52:01,001  INFO PurchaseTask:26 - 计算开票数量及状态耗时0秒
2018-05-18 10:54:01,244  INFO PurchaseTask:26 - 计算开票数量及状态耗时1秒
2018-05-18 10:56:01,834  INFO PurchaseTask:26 - 计算开票数量及状态耗时1秒
2018-05-18 10:58:01,312  INFO PurchaseTask:26 - 计算开票数量及状态耗时1秒
2018-05-18 11:00:01,252  INFO PurchaseTask:26 - 计算开票数量及状态耗时1秒
2018-05-18 11:02:01,034  INFO PurchaseTask:26 - 计算开票数量及状态耗时1秒
2018-05-18 11:04:01,494  INFO PurchaseTask:26 - 计算开票数量及状态耗时1秒
2018-05-18 11:06:01,242  INFO PurchaseTask:26 - 计算开票数量及状态耗时1秒
2018-05-18 11:08:00,836  INFO PurchaseTask:26 - 计算开票数量及状态耗时0秒
2018-05-18 11:10:00,833  INFO PurchaseTask:26 - 计算开票数量及状态耗时0秒
2018-05-18 11:12:01,022  INFO PurchaseTask:26 - 计算开票数量及状态耗时1秒
2018-05-18 11:14:01,838  INFO PurchaseTask:26 - 计算开票数量及状态耗时1秒
2018-05-18 11:16:00,948  INFO PurchaseTask:26 - 计算开票数量及状态耗时0秒
2018-05-18 11:18:01,229  INFO PurchaseTask:26 - 计算开票数量及状态耗时1秒
2018-05-18 11:20:00,793  INFO PurchaseTask:26 - 计算开票数量及状态耗时0秒
2018-05-18 11:22:00,813  INFO PurchaseTask:26 - 计算开票数量及状态耗时0秒
2018-05-18 11:24:00,837  INFO PurchaseTask:26 - 计算开票数量及状态耗时0秒
2018-05-18 11:26:01,198  INFO PurchaseTask:26 - 计算开票数量及状态耗时1秒
2018-05-18 11:28:01,186  INFO PurchaseTask:26 - 计算开票数量及状态耗时1秒
2018-05-18 11:30:01,204  INFO PurchaseTask:26 - 计算开票数量及状态耗时1秒
2018-05-18 11:32:01,192  INFO PurchaseTask:26 - 计算开票数量及状态耗时1秒
2018-05-18 11:34:01,373  INFO PurchaseTask:26 - 计算开票数量及状态耗时1秒
2018-05-18 11:36:01,517  INFO PurchaseTask:26 - 计算开票数量及状态耗时1秒
2018-05-18 11:38:01,236  INFO PurchaseTask:26 - 计算开票数量及状态耗时1秒
2018-05-18 11:40:01,221  INFO PurchaseTask:26 - 计算开票数量及状态耗时1秒
2018-05-18 11:42:00,867  INFO PurchaseTask:26 - 计算开票数量及状态耗时0秒
2018-05-18 11:44:01,255  INFO PurchaseTask:26 - 计算开票数量及状态耗时1秒
2018-05-18 11:46:01,183  INFO PurchaseTask:26 - 计算开票数量及状态耗时1秒
2018-05-18 11:48:00,804  INFO PurchaseTask:26 - 计算开票数量及状态耗时0秒
2018-05-18 11:50:01,105  INFO PurchaseTask:26 - 计算开票数量及状态耗时1秒
2018-05-18 11:52:01,710  INFO PurchaseTask:26 - 计算开票数量及状态耗时1秒
2018-05-18 11:54:01,253  INFO PurchaseTask:26 - 计算开票数量及状态耗时1秒
2018-05-18 11:56:01,220  INFO PurchaseTask:26 - 计算开票数量及状态耗时1秒
2018-05-18 11:58:01,267  INFO PurchaseTask:26 - 计算开票数量及状态耗时1秒
2018-05-18 12:00:02,259  INFO PurchaseTask:26 - 计算开票数量及状态耗时2秒
2018-05-18 12:02:01,228  INFO PurchaseTask:26 - 计算开票数量及状态耗时1秒
2018-05-18 12:04:01,280  INFO PurchaseTask:26 - 计算开票数量及状态耗时1秒
2018-05-18 12:06:01,522  INFO PurchaseTask:26 - 计算开票数量及状态耗时1秒
2018-05-18 12:08:00,836  INFO PurchaseTask:26 - 计算开票数量及状态耗时0秒
2018-05-18 12:10:00,782  INFO PurchaseTask:26 - 计算开票数量及状态耗时0秒
2018-05-18 12:12:00,824  INFO PurchaseTask:26 - 计算开票数量及状态耗时0秒
2018-05-18 12:14:01,222  INFO PurchaseTask:26 - 计算开票数量及状态耗时1秒
2018-05-18 12:16:01,236  INFO PurchaseTask:26 - 计算开票数量及状态耗时1秒
2018-05-18 12:18:01,231  INFO PurchaseTask:26 - 计算开票数量及状态耗时1秒
2018-05-18 12:20:00,778  INFO PurchaseTask:26 - 计算开票数量及状态耗时0秒
2018-05-18 12:22:00,828  INFO PurchaseTask:26 - 计算开票数量及状态耗时0秒
2018-05-18 12:24:00,839  INFO PurchaseTask:26 - 计算开票数量及状态耗时0秒
2018-05-18 12:26:01,196  INFO PurchaseTask:26 - 计算开票数量及状态耗时1秒
2018-05-18 12:28:01,273  INFO PurchaseTask:26 - 计算开票数量及状态耗时1秒
2018-05-18 12:30:01,086  INFO PurchaseTask:26 - 计算开票数量及状态耗时1秒
2018-05-18 12:32:00,970  INFO PurchaseTask:26 - 计算开票数量及状态耗时0秒
2018-05-18 12:34:01,231  INFO PurchaseTask:26 - 计算开票数量及状态耗时1秒
2018-05-18 12:36:01,199  INFO PurchaseTask:26 - 计算开票数量及状态耗时1秒
2018-05-18 12:38:00,842  INFO PurchaseTask:26 - 计算开票数量及状态耗时0秒
2018-05-18 12:40:01,226  INFO PurchaseTask:26 - 计算开票数量及状态耗时1秒
2018-05-18 12:42:00,836  INFO PurchaseTask:26 - 计算开票数量及状态耗时0秒
2018-05-18 12:44:01,323  INFO PurchaseTask:26 - 计算开票数量及状态耗时1秒
2018-05-18 12:46:01,237  INFO PurchaseTask:26 - 计算开票数量及状态耗时1秒
2018-05-18 12:48:01,217  INFO PurchaseTask:26 - 计算开票数量及状态耗时1秒
2018-05-18 12:50:00,776  INFO PurchaseTask:26 - 计算开票数量及状态耗时0秒
2018-05-18 12:52:01,154  INFO PurchaseTask:26 - 计算开票数量及状态耗时1秒
2018-05-18 12:54:01,208  INFO PurchaseTask:26 - 计算开票数量及状态耗时1秒
2018-05-18 12:56:01,192  INFO PurchaseTask:26 - 计算开票数量及状态耗时1秒
2018-05-18 12:58:01,228  INFO PurchaseTask:26 - 计算开票数量及状态耗时1秒
2018-05-18 13:00:01,186  INFO PurchaseTask:26 - 计算开票数量及状态耗时1秒
2018-05-18 13:02:01,154  INFO PurchaseTask:26 - 计算开票数量及状态耗时1秒
2018-05-18 13:04:01,887  INFO PurchaseTask:26 - 计算开票数量及状态耗时1秒
2018-05-18 13:06:01,203  INFO PurchaseTask:26 - 计算开票数量及状态耗时1秒
2018-05-18 13:08:00,803  INFO PurchaseTask:26 - 计算开票数量及状态耗时0秒
2018-05-18 13:10:00,790  INFO PurchaseTask:26 - 计算开票数量及状态耗时0秒
2018-05-18 13:12:00,841  INFO PurchaseTask:26 - 计算开票数量及状态耗时0秒
2018-05-18 13:14:00,822  INFO PurchaseTask:26 - 计算开票数量及状态耗时0秒
2018-05-18 13:16:01,261  INFO PurchaseTask:26 - 计算开票数量及状态耗时1秒
2018-05-18 13:18:01,220  INFO PurchaseTask:26 - 计算开票数量及状态耗时1秒
2018-05-18 13:20:00,816  INFO PurchaseTask:26 - 计算开票数量及状态耗时0秒
2018-05-18 13:22:00,887  INFO PurchaseTask:26 - 计算开票数量及状态耗时0秒
2018-05-18 13:24:01,515  INFO PurchaseTask:26 - 计算开票数量及状态耗时1秒
2018-05-18 13:26:00,808  INFO PurchaseTask:26 - 计算开票数量及状态耗时0秒
2018-05-18 13:28:01,246  INFO PurchaseTask:26 - 计算开票数量及状态耗时1秒
2018-05-18 13:30:01,185  INFO PurchaseTask:26 - 计算开票数量及状态耗时1秒
2018-05-18 13:32:00,772  INFO PurchaseTask:26 - 计算开票数量及状态耗时0秒
2018-05-18 13:34:01,247  INFO PurchaseTask:26 - 计算开票数量及状态耗时1秒
2018-05-18 13:36:01,508  INFO PurchaseTask:26 - 计算开票数量及状态耗时1秒
2018-05-18 13:38:00,787  INFO PurchaseTask:26 - 计算开票数量及状态耗时0秒
2018-05-18 13:40:01,229  INFO PurchaseTask:26 - 计算开票数量及状态耗时1秒
2018-05-18 13:42:00,836  INFO PurchaseTask:26 - 计算开票数量及状态耗时0秒
2018-05-18 13:44:00,910  INFO PurchaseTask:26 - 计算开票数量及状态耗时0秒
2018-05-18 13:46:01,238  INFO PurchaseTask:26 - 计算开票数量及状态耗时1秒
2018-05-18 13:48:01,209  INFO PurchaseTask:26 - 计算开票数量及状态耗时1秒
2018-05-18 13:50:00,805  INFO PurchaseTask:26 - 计算开票数量及状态耗时0秒
2018-05-18 13:52:01,005  INFO PurchaseTask:26 - 计算开票数量及状态耗时1秒
2018-05-18 13:54:01,216  INFO PurchaseTask:26 - 计算开票数量及状态耗时1秒
2018-05-18 13:56:01,205  INFO PurchaseTask:26 - 计算开票数量及状态耗时1秒
2018-05-18 13:58:01,553  INFO PurchaseTask:26 - 计算开票数量及状态耗时1秒
2018-05-18 14:00:01,135  INFO PurchaseTask:26 - 计算开票数量及状态耗时1秒
2018-05-18 14:02:00,894  INFO PurchaseTask:26 - 计算开票数量及状态耗时0秒
2018-05-18 14:04:01,440  INFO PurchaseTask:26 - 计算开票数量及状态耗时1秒
2018-05-18 14:06:01,208  INFO PurchaseTask:26 - 计算开票数量及状态耗时1秒
2018-05-18 14:08:01,235  INFO PurchaseTask:26 - 计算开票数量及状态耗时1秒
2018-05-18 14:10:01,244  INFO PurchaseTask:26 - 计算开票数量及状态耗时1秒
2018-05-18 14:12:00,817  INFO PurchaseTask:26 - 计算开票数量及状态耗时0秒
2018-05-18 14:14:01,224  INFO PurchaseTask:26 - 计算开票数量及状态耗时1秒
2018-05-18 14:16:01,206  INFO PurchaseTask:26 - 计算开票数量及状态耗时1秒
2018-05-18 14:18:01,219  INFO PurchaseTask:26 - 计算开票数量及状态耗时1秒
2018-05-18 14:20:01,199  INFO PurchaseTask:26 - 计算开票数量及状态耗时1秒
2018-05-18 14:22:00,844  INFO PurchaseTask:26 - 计算开票数量及状态耗时0秒
2018-05-18 14:24:01,146  INFO PurchaseTask:26 - 计算开票数量及状态耗时1秒
2018-05-18 14:26:00,970  INFO PurchaseTask:26 - 计算开票数量及状态耗时0秒
2018-05-18 14:28:01,103  INFO PurchaseTask:26 - 计算开票数量及状态耗时1秒
2018-05-18 14:30:00,779  INFO PurchaseTask:26 - 计算开票数量及状态耗时0秒
2018-05-18 14:32:01,092  INFO PurchaseTask:26 - 计算开票数量及状态耗时1秒
2018-05-18 14:34:01,253  INFO PurchaseTask:26 - 计算开票数量及状态耗时1秒
2018-05-18 14:36:01,203  INFO PurchaseTask:26 - 计算开票数量及状态耗时1秒
2018-05-18 14:38:01,094  INFO PurchaseTask:26 - 计算开票数量及状态耗时1秒
2018-05-18 14:40:01,210  INFO PurchaseTask:26 - 计算开票数量及状态耗时1秒
2018-05-18 14:42:00,813  INFO PurchaseTask:26 - 计算开票数量及状态耗时0秒
2018-05-18 14:44:00,800  INFO PurchaseTask:26 - 计算开票数量及状态耗时0秒
2018-05-18 14:46:01,007  INFO PurchaseTask:26 - 计算开票数量及状态耗时1秒
2018-05-18 14:48:01,226  INFO PurchaseTask:26 - 计算开票数量及状态耗时1秒
2018-05-18 14:50:01,526  INFO PurchaseTask:26 - 计算开票数量及状态耗时1秒
2018-05-18 14:52:00,939  INFO PurchaseTask:26 - 计算开票数量及状态耗时0秒
2018-05-18 14:54:01,485  INFO PurchaseTask:26 - 计算开票数量及状态耗时1秒
2018-05-18 14:56:01,142  INFO PurchaseTask:26 - 计算开票数量及状态耗时1秒
2018-05-18 14:58:01,153  INFO PurchaseTask:26 - 计算开票数量及状态耗时1秒
2018-05-18 15:00:01,130  INFO PurchaseTask:26 - 计算开票数量及状态耗时1秒
2018-05-18 15:02:01,038  INFO PurchaseTask:26 - 计算开票数量及状态耗时1秒
2018-05-18 15:04:00,838  INFO PurchaseTask:26 - 计算开票数量及状态耗时0秒
2018-05-18 15:06:01,173  INFO PurchaseTask:26 - 计算开票数量及状态耗时1秒
2018-05-18 15:08:01,547  INFO PurchaseTask:26 - 计算开票数量及状态耗时1秒
2018-05-18 15:10:01,040  INFO PurchaseTask:26 - 计算开票数量及状态耗时1秒
2018-05-18 15:12:00,916  INFO PurchaseTask:26 - 计算开票数量及状态耗时0秒
2018-05-18 15:14:01,230  INFO PurchaseTask:26 - 计算开票数量及状态耗时1秒
2018-05-18 15:16:01,258  INFO PurchaseTask:26 - 计算开票数量及状态耗时1秒
2018-05-18 15:18:01,184  INFO PurchaseTask:26 - 计算开票数量及状态耗时1秒
2018-05-18 15:20:00,780  INFO PurchaseTask:26 - 计算开票数量及状态耗时0秒
2018-05-18 15:22:00,791  INFO PurchaseTask:26 - 计算开票数量及状态耗时0秒
2018-05-18 15:24:00,786  INFO PurchaseTask:26 - 计算开票数量及状态耗时0秒
2018-05-18 15:26:01,218  INFO PurchaseTask:26 - 计算开票数量及状态耗时1秒
2018-05-18 15:28:01,027  INFO PurchaseTask:26 - 计算开票数量及状态耗时1秒
2018-05-18 15:30:00,778  INFO PurchaseTask:26 - 计算开票数量及状态耗时0秒
2018-05-18 15:32:00,880  INFO PurchaseTask:26 - 计算开票数量及状态耗时0秒
2018-05-18 15:34:01,644  INFO PurchaseTask:26 - 计算开票数量及状态耗时1秒
2018-05-18 15:36:01,166  INFO PurchaseTask:26 - 计算开票数量及状态耗时1秒
2018-05-18 15:38:01,222  INFO PurchaseTask:26 - 计算开票数量及状态耗时1秒
2018-05-18 15:40:01,115  INFO PurchaseTask:26 - 计算开票数量及状态耗时1秒
2018-05-18 15:42:00,893  INFO PurchaseTask:26 - 计算开票数量及状态耗时0秒
2018-05-18 15:44:01,531  INFO PurchaseTask:26 - 计算开票数量及状态耗时1秒
2018-05-18 15:45:25,110  INFO AnnotationConfigApplicationContext:987 - Closing org.springframework.context.annotation.AnnotationConfigApplicationContext@60af23f3: startup date [Thu May 17 17:14:56 CST 2018]; root of context hierarchy
2018-05-18 15:45:25,111  INFO AnnotationConfigEmbeddedWebApplicationContext:987 - Closing org.springframework.boot.context.embedded.AnnotationConfigEmbeddedWebApplicationContext@66080237: startup date [Thu May 17 17:14:56 CST 2018]; parent: org.springframework.context.annotation.AnnotationConfigApplicationContext@60af23f3
2018-05-18 15:45:25,113  INFO DefaultLifecycleProcessor:358 - Stopping beans in phase 0
2018-05-18 15:45:25,135  INFO EndpointMBeanExporter:449 - Unregistering JMX-exposed beans on shutdown
2018-05-18 15:45:25,136  INFO EndpointMBeanExporter:241 - Unregistering JMX-exposed beans
2018-05-18 15:45:25,137  INFO AnnotationMBeanExporter:449 - Unregistering JMX-exposed beans on shutdown
2018-05-18 15:45:25,137  INFO AnnotationMBeanExporter:241 - Unregistering JMX-exposed beans
2018-05-18 15:45:25,138  INFO LocalContainerEntityManagerFactoryBean:548 - Closing JPA EntityManagerFactory for persistence unit 'default'
2018-05-18 15:45:26,323  INFO AnnotationConfigApplicationContext:582 - Refreshing org.springframework.context.annotation.AnnotationConfigApplicationContext@78db3f28: startup date [Fri May 18 15:45:26 CST 2018]; root of context hierarchy
2018-05-18 15:45:26,376  INFO AutowiredAnnotationBeanPostProcessor:155 - JSR-330 'javax.inject.Inject' annotation found and supported for autowiring
2018-05-18 15:45:26,379  INFO PostProcessorRegistrationDelegate$BeanPostProcessorChecker:325 - Bean 'configurationPropertiesRebinderAutoConfiguration' of type [org.springframework.cloud.autoconfigure.ConfigurationPropertiesRebinderAutoConfiguration$$EnhancerBySpringCGLIB$$7000441] is not eligible for getting processed by all BeanPostProcessors (for example: not eligible for auto-proxying)
2018-05-18 15:45:26,574  INFO Application:637 - No active profile set, falling back to default profiles: default
2018-05-18 15:45:26,592  INFO AnnotationConfigEmbeddedWebApplicationContext:582 - Refreshing org.springframework.boot.context.embedded.AnnotationConfigEmbeddedWebApplicationContext@3c11d4a6: startup date [Fri May 18 15:45:26 CST 2018]; parent: org.springframework.context.annotation.AnnotationConfigApplicationContext@78db3f28
2018-05-18 15:45:29,877  INFO DefaultListableBeanFactory:828 - Overriding bean definition for bean 'scopedTarget.oauth2ClientContext' with a different definition: replacing [Root bean: class [null]; scope=session; abstract=false; lazyInit=false; autowireMode=3; dependencyCheck=0; autowireCandidate=false; primary=false; factoryBeanName=org.springframework.security.oauth2.config.annotation.web.configuration.OAuth2ClientConfiguration$OAuth2ClientContextConfiguration; factoryMethodName=oauth2ClientContext; initMethodName=null; destroyMethodName=(inferred); defined in class path resource [org/springframework/security/oauth2/config/annotation/web/configuration/OAuth2ClientConfiguration$OAuth2ClientContextConfiguration.class]] with [Root bean: class [null]; scope=session; abstract=false; lazyInit=false; autowireMode=3; dependencyCheck=0; autowireCandidate=false; primary=false; factoryBeanName=org.springframework.boot.autoconfigure.security.oauth2.client.OAuth2RestOperationsConfiguration$SessionScopedConfiguration$ClientContextConfiguration; factoryMethodName=oauth2ClientContext; initMethodName=null; destroyMethodName=(inferred); defined in class path resource [org/springframework/boot/autoconfigure/security/oauth2/client/OAuth2RestOperationsConfiguration$SessionScopedConfiguration$ClientContextConfiguration.class]]
2018-05-18 15:45:29,922  INFO DefaultListableBeanFactory:828 - Overriding bean definition for bean 'dataSource' with a different definition: replacing [Root bean: class [null]; scope=; abstract=false; lazyInit=false; autowireMode=3; dependencyCheck=0; autowireCandidate=true; primary=false; factoryBeanName=org.springframework.boot.autoconfigure.jdbc.DataSourceConfiguration$Dbcp; factoryMethodName=dataSource; initMethodName=null; destroyMethodName=(inferred); defined in class path resource [org/springframework/boot/autoconfigure/jdbc/DataSourceConfiguration$Dbcp.class]] with [Root bean: class [null]; scope=; abstract=false; lazyInit=false; autowireMode=3; dependencyCheck=0; autowireCandidate=true; primary=false; factoryBeanName=org.springframework.boot.autoconfigure.jdbc.DataSourceConfiguration$Tomcat; factoryMethodName=dataSource; initMethodName=null; destroyMethodName=(inferred); defined in class path resource [org/springframework/boot/autoconfigure/jdbc/DataSourceConfiguration$Tomcat.class]]
2018-05-18 15:45:30,137  INFO DefaultListableBeanFactory:828 - Overriding bean definition for bean 'managementServletContext' with a different definition: replacing [Root bean: class [null]; scope=; abstract=false; lazyInit=false; autowireMode=3; dependencyCheck=0; autowireCandidate=true; primary=false; factoryBeanName=org.springframework.boot.actuate.autoconfigure.EndpointWebMvcHypermediaManagementContextConfiguration; factoryMethodName=managementServletContext; initMethodName=null; destroyMethodName=(inferred); defined in class path resource [org/springframework/boot/actuate/autoconfigure/EndpointWebMvcHypermediaManagementContextConfiguration.class]] with [Root bean: class [null]; scope=; abstract=false; lazyInit=false; autowireMode=3; dependencyCheck=0; autowireCandidate=true; primary=false; factoryBeanName=org.springframework.boot.actuate.autoconfigure.EndpointWebMvcAutoConfiguration; factoryMethodName=managementServletContext; initMethodName=null; destroyMethodName=(inferred); defined in class path resource [org/springframework/boot/actuate/autoconfigure/EndpointWebMvcAutoConfiguration.class]]
2018-05-18 15:45:30,150  INFO RepositoryConfigurationDelegate:165 - Multiple Spring Data modules found, entering strict repository configuration mode!
2018-05-18 15:45:30,367  INFO RepositoryConfigurationDelegate:165 - Multiple Spring Data modules found, entering strict repository configuration mode!
2018-05-18 15:45:30,599  WARN ConfigurationClassPostProcessor:373 - Cannot enhance @Configuration bean definition 'refreshScope' since its singleton instance has been created too early. The typical cause is a non-static @Bean method with a BeanDefinitionRegistryPostProcessor return type: Consider declaring such methods as 'static'.
2018-05-18 15:45:30,621  INFO GenericScope:263 - BeanFactory id=e8c4e251-c379-3cf7-ac8a-4d7fac9f79a6
2018-05-18 15:45:30,632  INFO AutowiredAnnotationBeanPostProcessor:155 - JSR-330 'javax.inject.Inject' annotation found and supported for autowiring
2018-05-18 15:45:30,659  INFO PostProcessorRegistrationDelegate$BeanPostProcessorChecker:325 - Bean 'org.springframework.transaction.annotation.ProxyTransactionManagementConfiguration' of type [org.springframework.transaction.annotation.ProxyTransactionManagementConfiguration$$EnhancerBySpringCGLIB$$eae60144] is not eligible for getting processed by all BeanPostProcessors (for example: not eligible for auto-proxying)
2018-05-18 15:45:30,702  INFO PostProcessorRegistrationDelegate$BeanPostProcessorChecker:325 - Bean 'org.springframework.cloud.autoconfigure.ConfigurationPropertiesRebinderAutoConfiguration' of type [org.springframework.cloud.autoconfigure.ConfigurationPropertiesRebinderAutoConfiguration$$EnhancerBySpringCGLIB$$7000441] is not eligible for getting processed by all BeanPostProcessors (for example: not eligible for auto-proxying)
2018-05-18 15:45:31,158  INFO TomcatEmbeddedServletContainer:89 - Tomcat initialized with port(s): 8088 (http)
2018-05-18 15:45:31,201  INFO ContextLoader:276 - Root WebApplicationContext: initialization completed in 4609 ms
2018-05-18 15:45:32,735  INFO CglibAopProxy:268 - Final method [protected final org.springframework.context.ApplicationContext org.springframework.security.config.annotation.web.configuration.WebSecurityConfigurerAdapter.getApplicationContext()] cannot get proxied via CGLIB: Calls to this method will NOT be routed to the target instance and might lead to NPEs against uninitialized fields in the proxy instance.
2018-05-18 15:45:32,736  INFO CglibAopProxy:268 - Final method [protected final org.springframework.security.config.annotation.web.builders.HttpSecurity org.springframework.security.config.annotation.web.configuration.WebSecurityConfigurerAdapter.getHttp() throws java.lang.Exception] cannot get proxied via CGLIB: Calls to this method will NOT be routed to the target instance and might lead to NPEs against uninitialized fields in the proxy instance.
2018-05-18 15:45:32,899  INFO FilterRegistrationBean:258 - Mapping filter: 'metricsFilter' to: [/*]
2018-05-18 15:45:32,899  INFO FilterRegistrationBean:258 - Mapping filter: 'characterEncodingFilter' to: [/*]
2018-05-18 15:45:32,899  INFO FilterRegistrationBean:258 - Mapping filter: 'hiddenHttpMethodFilter' to: [/*]
2018-05-18 15:45:32,903  INFO FilterRegistrationBean:258 - Mapping filter: 'httpPutFormContentFilter' to: [/*]
2018-05-18 15:45:32,903  INFO FilterRegistrationBean:258 - Mapping filter: 'OAuth2ClientContextFilter' to: [/*]
2018-05-18 15:45:32,903  INFO FilterRegistrationBean:258 - Mapping filter: 'requestContextFilter' to: [/*]
2018-05-18 15:45:32,903  INFO DelegatingFilterProxyRegistrationBean:258 - Mapping filter: 'springSecurityFilterChain' to: [/*]
2018-05-18 15:45:32,903  INFO FilterRegistrationBean:258 - Mapping filter: 'webRequestLoggingFilter' to: [/*]
2018-05-18 15:45:32,904  INFO FilterRegistrationBean:258 - Mapping filter: 'menuInstanceFilter' to: [/*]
2018-05-18 15:45:32,904  INFO FilterRegistrationBean:258 - Mapping filter: 'applicationContextIdFilter' to: [/*]
2018-05-18 15:45:32,904  INFO ServletRegistrationBean:190 - Mapping servlet: 'dispatcherServlet' to [/]
2018-05-18 15:45:33,369  INFO LocalContainerEntityManagerFactoryBean:349 - Building JPA container EntityManagerFactory for persistence unit 'default'
2018-05-18 15:45:33,370  INFO LogHelper:31 - HHH000204: Processing PersistenceUnitInfo [
	name: default
	...]
2018-05-18 15:45:33,459  INFO Dialect:156 - HHH000400: Using dialect: org.hibernate.dialect.MySQL5Dialect
2018-05-18 15:45:33,489  INFO LocalContainerEntityManagerFactoryBean:379 - Initialized JPA EntityManagerFactory for persistence unit 'default'
2018-05-18 15:45:49,592  INFO RequestMappingHandlerAdapter:534 - Looking for @ControllerAdvice: org.springframework.boot.context.embedded.AnnotationConfigEmbeddedWebApplicationContext@3c11d4a6: startup date [Fri May 18 15:45:26 CST 2018]; parent: org.springframework.context.annotation.AnnotationConfigApplicationContext@78db3f28
2018-05-18 15:45:49,598  INFO RequestMappingHandlerAdapter:566 - Detected ResponseBodyAdvice bean in org.springframework.boot.actuate.autoconfigure.EndpointWebMvcHypermediaManagementContextConfiguration$ActuatorEndpointLinksAdvice
2018-05-18 15:45:49,806  INFO RequestMappingHandlerMapping:543 - Mapped "{[/report/centerSkuDepartRelation/index]}" onto public org.springframework.web.servlet.ModelAndView com.aukey.report.web.centerstock.CenterSkuDepartRelationController.index(javax.servlet.http.HttpServletRequest,javax.servlet.http.HttpServletResponse)
2018-05-18 15:45:49,807  INFO RequestMappingHandlerMapping:543 - Mapped "{[/report/centerSkuDepartRelation/search]}" onto public com.aukey.report.domain.base.TableData<com.aukey.report.domain.centerstock.CenterSkuDepartRelation> com.aukey.report.web.centerstock.CenterSkuDepartRelationController.search(int,int,java.lang.String,java.lang.String)
2018-05-18 15:45:49,807  INFO RequestMappingHandlerMapping:543 - Mapped "{[/report/centerSkuDepartRelation/upLoadFile]}" onto public com.aukey.report.domain.centerstock.Result com.aukey.report.web.centerstock.CenterSkuDepartRelationController.upLoadFile(org.springframework.web.multipart.MultipartFile,org.springframework.ui.ModelMap,javax.servlet.http.HttpServletRequest,javax.servlet.http.HttpServletResponse)
2018-05-18 15:45:49,808  INFO RequestMappingHandlerMapping:543 - Mapped "{[/report/centerStock/index]}" onto public org.springframework.web.servlet.ModelAndView com.aukey.report.web.centerstock.CenterStockReportController.index(javax.servlet.http.HttpServletRequest,javax.servlet.http.HttpServletResponse)
2018-05-18 15:45:49,808  INFO RequestMappingHandlerMapping:543 - Mapped "{[/report/centerStock/search]}" onto public com.aukey.domain.base.TableData<com.aukey.report.domain.centerstock.CenterStockReport> com.aukey.report.web.centerstock.CenterStockReportController.search(javax.servlet.http.HttpServletRequest,javax.servlet.http.HttpServletResponse,int,int,java.lang.String,java.lang.String,java.lang.String,java.lang.String)
2018-05-18 15:45:49,808  INFO RequestMappingHandlerMapping:543 - Mapped "{[/report/centerStock/search/overseaStock]}" onto public com.aukey.domain.base.TableData<com.aukey.report.domain.centerstock.CenterOverseaWarehouse> com.aukey.report.web.centerstock.CenterStockReportController.searchOverseaStock(javax.servlet.http.HttpServletRequest,javax.servlet.http.HttpServletResponse,int,int,java.lang.String,java.lang.String,java.lang.String)
2018-05-18 15:45:49,808  INFO RequestMappingHandlerMapping:543 - Mapped "{[/report/centerStock/search/fbaStock]}" onto public com.aukey.domain.base.TableData<com.aukey.report.domain.centerstock.CenterFbaStockCount> com.aukey.report.web.centerstock.CenterStockReportController.searchFbaStock(javax.servlet.http.HttpServletRequest,javax.servlet.http.HttpServletResponse,int,int,java.lang.String,java.lang.String,java.lang.String,java.lang.String)
2018-05-18 15:45:49,809  INFO RequestMappingHandlerMapping:543 - Mapped "{[/report/centerStock/export]}" onto public java.lang.String com.aukey.report.web.centerstock.CenterStockReportController.export(javax.servlet.http.HttpServletRequest,javax.servlet.http.HttpServletResponse,java.lang.String,java.lang.String,java.lang.String,java.lang.String,java.lang.String)
2018-05-18 15:45:49,809  INFO RequestMappingHandlerMapping:543 - Mapped "{[/report/centerStock/stock/index]}" onto public org.springframework.web.servlet.ModelAndView com.aukey.report.web.centerstock.CenterStockReportController.stockIndex(javax.servlet.http.HttpServletRequest,javax.servlet.http.HttpServletResponse,java.lang.String,java.lang.String,org.springframework.ui.ModelMap)
2018-05-18 15:45:49,809  INFO RequestMappingHandlerMapping:543 - Mapped "{[/report/centerStock/search/overseaStockTransfer]}" onto public com.aukey.domain.base.TableData<com.aukey.report.domain.centerstock.CenterOverseaTransportInTransit> com.aukey.report.web.centerstock.CenterStockReportController.searchOverseaStockTransfer(javax.servlet.http.HttpServletRequest,javax.servlet.http.HttpServletResponse,int,int,java.lang.String,java.lang.String,java.lang.String)
2018-05-18 15:45:49,809  INFO RequestMappingHandlerMapping:543 - Mapped "{[/report/centerStock/search/firstAirTransfer]}" onto public com.aukey.domain.base.TableData<com.aukey.report.domain.centerstock.CenterHeadInTransit> com.aukey.report.web.centerstock.CenterStockReportController.searchFirstAirTransfer(javax.servlet.http.HttpServletRequest,javax.servlet.http.HttpServletResponse,int,int,java.lang.String,java.lang.String,java.lang.String,java.lang.String)
2018-05-18 15:45:49,809  INFO RequestMappingHandlerMapping:543 - Mapped "{[/report/centerStock/search/transferWarehouseCount]}" onto public com.aukey.domain.base.TableData<com.aukey.report.domain.centerstock.CenterDomesticTransferWarehouse> com.aukey.report.web.centerstock.CenterStockReportController.searchTransferWarehouseCount(javax.servlet.http.HttpServletRequest,javax.servlet.http.HttpServletResponse,int,int,java.lang.String,java.lang.String,java.lang.String)
2018-05-18 15:45:49,810  INFO RequestMappingHandlerMapping:543 - Mapped "{[/report/centerStock/search/purchaseTransfer]}" onto public com.aukey.domain.base.TableData<com.aukey.report.domain.centerstock.CenterPurchaseInTransit> com.aukey.report.web.centerstock.CenterStockReportController.searchPurchaseTransfer(javax.servlet.http.HttpServletRequest,javax.servlet.http.HttpServletResponse,int,int,java.lang.String,java.lang.String,java.lang.String)
2018-05-18 15:45:49,810  INFO RequestMappingHandlerMapping:543 - Mapped "{[/report/centerStock/search/fbaTransfer]}" onto public com.aukey.domain.base.TableData<com.aukey.report.domain.centerstock.CenterFbaInTransit> com.aukey.report.web.centerstock.CenterStockReportController.searchFbaTransfer(javax.servlet.http.HttpServletRequest,javax.servlet.http.HttpServletResponse,int,int,java.lang.String,java.lang.String,java.lang.String)
2018-05-18 15:45:49,812  INFO RequestMappingHandlerMapping:543 - Mapped "{[/report/declare/index]}" onto public java.lang.String com.aukey.report.web.DeclareReportController.index(org.springframework.ui.ModelMap)
2018-05-18 15:45:49,814  INFO RequestMappingHandlerMapping:543 - Mapped "{[/report/declare/search]}" onto public com.aukey.report.utils.page.TableData<com.aukey.report.vo.DeclareReportVO> com.aukey.report.web.DeclareReportController.search(com.aukey.report.dto.DeclareReportParam,int,int)
2018-05-18 15:45:49,814  INFO RequestMappingHandlerMapping:543 - Mapped "{[/report/declare/detail]}" onto public com.aukey.report.utils.page.TableData<com.aukey.report.vo.DeclareItemVO> com.aukey.report.web.DeclareReportController.detail(com.aukey.report.dto.DeclareReportParam,int,int)
2018-05-18 15:45:49,814  INFO RequestMappingHandlerMapping:543 - Mapped "{[/report/declare/export]}" onto public org.springframework.web.servlet.ModelAndView com.aukey.report.web.DeclareReportController.export(com.aukey.report.dto.DeclareReportParam,javax.servlet.http.HttpServletRequest,javax.servlet.http.HttpServletResponse)
2018-05-18 15:45:49,815  INFO RequestMappingHandlerMapping:543 - Mapped "{[/report/declare/preExport]}" onto public com.aukey.util.AjaxResponse com.aukey.report.web.DeclareReportController.preExport(com.aukey.report.dto.DeclareReportParam,javax.servlet.http.HttpServletRequest,javax.servlet.http.HttpServletResponse)
2018-05-18 15:45:49,815  INFO RequestMappingHandlerMapping:543 - Mapped "{[/report/declare/declareInvoiceExport]}" onto public void com.aukey.report.web.DeclareReportController.declareInvoiceExport(com.aukey.report.dto.DeclareReportParam,javax.servlet.http.HttpServletRequest,javax.servlet.http.HttpServletResponse)
2018-05-18 15:45:49,815  INFO RequestMappingHandlerMapping:543 - Mapped "{[/report/declare/getSupplierInfo],methods=[GET]}" onto public java.util.List<com.aukey.report.domain.StrictSupplier> com.aukey.report.web.DeclareReportController.getSupplierAllInfo(java.lang.String)
2018-05-18 15:45:49,816  INFO RequestMappingHandlerMapping:543 - Mapped "{[/report/finance/index]}" onto public java.lang.String com.aukey.report.web.finance.PurchaseFinanceReportController.index(org.springframework.ui.ModelMap)
2018-05-18 15:45:49,816  INFO RequestMappingHandlerMapping:543 - Mapped "{[/report/finance/search]}" onto public com.aukey.report.utils.page.TableData<com.aukey.report.vo.PurchaseReportVO> com.aukey.report.web.finance.PurchaseFinanceReportController.search(com.aukey.report.dto.PurchaseReportParam,int,int,javax.servlet.http.HttpServletRequest)
2018-05-18 15:45:49,816  INFO RequestMappingHandlerMapping:543 - Mapped "{[/report/finance/export]}" onto public org.springframework.web.servlet.ModelAndView com.aukey.report.web.finance.PurchaseFinanceReportController.export(com.aukey.report.dto.PurchaseReportParam,javax.servlet.http.HttpServletRequest,javax.servlet.http.HttpServletResponse)
2018-05-18 15:45:49,817  INFO RequestMappingHandlerMapping:543 - Mapped "{[/report/finance/preExport]}" onto public com.aukey.report.domain.base.Result com.aukey.report.web.finance.PurchaseFinanceReportController.preExport(com.aukey.report.dto.PurchaseReportParam,javax.servlet.http.HttpServletRequest,javax.servlet.http.HttpServletResponse)
2018-05-18 15:45:49,817  INFO RequestMappingHandlerMapping:543 - Mapped "{[/report/finance/searchCount]}" onto public com.aukey.report.domain.base.Result com.aukey.report.web.finance.PurchaseFinanceReportController.searchCount(com.aukey.report.dto.PurchaseReportParam,javax.servlet.http.HttpServletRequest)
2018-05-18 15:45:49,817  INFO RequestMappingHandlerMapping:543 - Mapped "{[/report/finance/emailExport],methods=[GET]}" onto public synchronized void com.aukey.report.web.finance.PurchaseFinanceReportController.emailExport(javax.servlet.http.HttpServletRequest,com.aukey.report.dto.PurchaseReportParam)
2018-05-18 15:45:49,817  INFO RequestMappingHandlerMapping:543 - Mapped "{[/report/finance/getSupplierInfo]}" onto public java.util.List<com.aukey.report.domain.StrictSupplier> com.aukey.report.web.finance.PurchaseFinanceReportController.getSupplierAllInfo(java.lang.String)
2018-05-18 15:45:49,818  INFO RequestMappingHandlerMapping:543 - Mapped "{[/report/FnskuAndSkuMatching/index]}" onto public java.lang.String com.aukey.report.web.FnskuAndSkuMatchingController.index(org.springframework.ui.ModelMap)
2018-05-18 15:45:49,819  INFO RequestMappingHandlerMapping:543 - Mapped "{[/report/FnskuAndSkuMatching/search]}" onto public com.aukey.domain.base.TableData<com.aukey.report.domain.FnskuAndSkuMatching> com.aukey.report.web.FnskuAndSkuMatchingController.search(javax.servlet.http.HttpServletRequest,javax.servlet.http.HttpServletResponse,int,int,java.lang.String,java.lang.String,java.lang.String)
2018-05-18 15:45:49,820  INFO RequestMappingHandlerMapping:543 - Mapped "{[/report/FnskuAndSkuMatching/export]}" onto public java.lang.String com.aukey.report.web.FnskuAndSkuMatchingController.export(javax.servlet.http.HttpServletRequest,javax.servlet.http.HttpServletResponse,java.lang.String,java.lang.String,java.lang.String,java.lang.String)
2018-05-18 15:45:49,821  INFO RequestMappingHandlerMapping:543 - Mapped "{[/report/good/index]}" onto public java.lang.String com.aukey.report.web.GoodReportController.index(org.springframework.ui.ModelMap)
2018-05-18 15:45:49,821  INFO RequestMappingHandlerMapping:543 - Mapped "{[/report/good/search]}" onto public com.aukey.report.utils.page.TableData<com.aukey.report.vo.GoodReportVO> com.aukey.report.web.GoodReportController.search(com.aukey.report.dto.GoodReportParam,int,int)
2018-05-18 15:45:49,821  INFO RequestMappingHandlerMapping:543 - Mapped "{[/report/good/export]}" onto public java.lang.String com.aukey.report.web.GoodReportController.export(com.aukey.report.dto.GoodReportParam,javax.servlet.http.HttpServletRequest,javax.servlet.http.HttpServletResponse)
2018-05-18 15:45:49,821  INFO RequestMappingHandlerMapping:543 - Mapped "{[/report/good/preExport]}" onto public com.aukey.util.AjaxResponse com.aukey.report.web.GoodReportController.preExport(com.aukey.report.dto.GoodReportParam,javax.servlet.http.HttpServletRequest,javax.servlet.http.HttpServletResponse)
2018-05-18 15:45:49,822  INFO RequestMappingHandlerMapping:543 - Mapped "{[/report/inventory/index]}" onto public java.lang.String com.aukey.report.web.InventoryReportController.index(org.springframework.ui.ModelMap)
2018-05-18 15:45:49,822  INFO RequestMappingHandlerMapping:543 - Mapped "{[/report/inventory/search]}" onto public com.aukey.report.utils.page.TableData<com.aukey.report.vo.InventoryReportVO> com.aukey.report.web.InventoryReportController.search(com.aukey.report.dto.InventoryReportParam,int,int)
2018-05-18 15:45:49,823  INFO RequestMappingHandlerMapping:543 - Mapped "{[/report/inventory/export]}" onto public org.springframework.web.servlet.ModelAndView com.aukey.report.web.InventoryReportController.export(com.aukey.report.dto.InventoryReportParam,javax.servlet.http.HttpServletRequest,javax.servlet.http.HttpServletResponse)
2018-05-18 15:45:49,823  INFO RequestMappingHandlerMapping:543 - Mapped "{[/report/inventory/preExport]}" onto public com.aukey.util.AjaxResponse com.aukey.report.web.InventoryReportController.preExport(com.aukey.report.dto.InventoryReportParam,javax.servlet.http.HttpServletRequest,javax.servlet.http.HttpServletResponse)
2018-05-18 15:45:49,824  INFO RequestMappingHandlerMapping:543 - Mapped "{[/report/payOrder/index]}" onto public org.springframework.web.servlet.ModelAndView com.aukey.report.web.PayOrderReportController.index(org.springframework.ui.ModelMap)
2018-05-18 15:45:49,824  INFO RequestMappingHandlerMapping:543 - Mapped "{[/report/payOrder/count]}" onto public long com.aukey.report.web.PayOrderReportController.count(com.aukey.report.dto.PayOrderReportParam,int,int,javax.servlet.http.HttpServletRequest)
2018-05-18 15:45:49,825  INFO RequestMappingHandlerMapping:543 - Mapped "{[/report/payOrder/search]}" onto public com.aukey.report.utils.page.TableData<com.aukey.report.vo.PayOrderReportVo> com.aukey.report.web.PayOrderReportController.search(com.aukey.report.dto.PayOrderReportParam,int,int,javax.servlet.http.HttpServletRequest)
2018-05-18 15:45:49,825  INFO RequestMappingHandlerMapping:543 - Mapped "{[/report/payOrder/export]}" onto public void com.aukey.report.web.PayOrderReportController.export(com.aukey.report.dto.PayOrderReportParam,int,int,javax.servlet.http.HttpServletRequest,javax.servlet.http.HttpServletResponse)
2018-05-18 15:45:49,825  INFO RequestMappingHandlerMapping:543 - Mapped "{[/report/payOrder/gainSupplierDataByAlias],methods=[GET]}" onto public com.aukey.util.AjaxResponse com.aukey.report.web.PayOrderReportController.gainSupplierDataForAjax(java.lang.String,java.lang.String,java.lang.String)
2018-05-18 15:45:49,826  INFO RequestMappingHandlerMapping:543 - Mapped "{[/report/purchase/exe/index]}" onto public java.lang.String com.aukey.report.web.PurchaseExeReportController.index(org.springframework.ui.ModelMap)
2018-05-18 15:45:49,826  INFO RequestMappingHandlerMapping:543 - Mapped "{[/report/purchase/exe/search]}" onto public com.aukey.report.utils.page.TableData<com.aukey.report.vo.PurchaseExeReportVO> com.aukey.report.web.PurchaseExeReportController.search(com.aukey.report.dto.PurchaseExeReportParam,int,int)
2018-05-18 15:45:49,826  INFO RequestMappingHandlerMapping:543 - Mapped "{[/report/purchase/exe/export]}" onto public com.aukey.report.domain.base.Result com.aukey.report.web.PurchaseExeReportController.export(org.springframework.web.servlet.mvc.support.RedirectAttributes,com.aukey.report.dto.PurchaseExeReportParam,javax.servlet.http.HttpServletRequest,javax.servlet.http.HttpServletResponse)
2018-05-18 15:45:49,826  INFO RequestMappingHandlerMapping:543 - Mapped "{[/report/purchase/exe/preExport]}" onto public com.aukey.util.AjaxResponse com.aukey.report.web.PurchaseExeReportController.preExport(com.aukey.report.dto.PurchaseExeReportParam,javax.servlet.http.HttpServletRequest,javax.servlet.http.HttpServletResponse)
2018-05-18 15:45:49,827  INFO RequestMappingHandlerMapping:543 - Mapped "{[/report/purchase/index]}" onto public java.lang.String com.aukey.report.web.PurchaseReportController.index(org.springframework.ui.ModelMap)
2018-05-18 15:45:49,827  INFO RequestMappingHandlerMapping:543 - Mapped "{[/report/purchase/search]}" onto public com.aukey.report.utils.page.TableData<com.aukey.report.vo.PurchaseReportVO> com.aukey.report.web.PurchaseReportController.search(com.aukey.report.dto.PurchaseReportParam,int,int,javax.servlet.http.HttpServletRequest)
2018-05-18 15:45:49,828  INFO RequestMappingHandlerMapping:543 - Mapped "{[/report/purchase/export]}" onto public org.springframework.web.servlet.ModelAndView com.aukey.report.web.PurchaseReportController.export(com.aukey.report.dto.PurchaseReportParam,javax.servlet.http.HttpServletRequest,javax.servlet.http.HttpServletResponse)
2018-05-18 15:45:49,828  INFO RequestMappingHandlerMapping:543 - Mapped "{[/report/purchase/preExport]}" onto public com.aukey.util.AjaxResponse com.aukey.report.web.PurchaseReportController.preExport(com.aukey.report.dto.PurchaseReportParam,javax.servlet.http.HttpServletRequest,javax.servlet.http.HttpServletResponse)
2018-05-18 15:45:49,828  INFO RequestMappingHandlerMapping:543 - Mapped "{[/report/purchase/getSupplierInfo]}" onto public java.util.List<com.aukey.report.domain.StrictSupplier> com.aukey.report.web.PurchaseReportController.getSupplierAllInfo(java.lang.String)
2018-05-18 15:45:49,829  INFO RequestMappingHandlerMapping:543 - Mapped "{[/report/purchaseSellStock/index]}" onto public java.lang.String com.aukey.report.web.purchaseSell.PurchaseSellStockController.index(org.springframework.ui.ModelMap)
2018-05-18 15:45:49,829  INFO RequestMappingHandlerMapping:543 - Mapped "{[/report/purchaseSellStock/search]}" onto public com.aukey.report.utils.page.TableData<com.aukey.report.domain.purchaseSell.PurchaseSellStockVO> com.aukey.report.web.purchaseSell.PurchaseSellStockController.search(com.aukey.report.dto.purchaseSell.PurchaseSellStockParam,int,int)
2018-05-18 15:45:49,829  INFO RequestMappingHandlerMapping:543 - Mapped "{[/report/purchaseSellStock/export]}" onto public org.springframework.web.servlet.ModelAndView com.aukey.report.web.purchaseSell.PurchaseSellStockController.export(com.aukey.report.dto.purchaseSell.PurchaseSellStockParam,javax.servlet.http.HttpServletRequest,javax.servlet.http.HttpServletResponse)
2018-05-18 15:45:49,830  INFO RequestMappingHandlerMapping:543 - Mapped "{[/report/purchaseSellStock/preExport]}" onto public com.aukey.util.AjaxResponse com.aukey.report.web.purchaseSell.PurchaseSellStockController.preExport(com.aukey.report.dto.purchaseSell.PurchaseSellStockParam,javax.servlet.http.HttpServletRequest,javax.servlet.http.HttpServletResponse)
2018-05-18 15:45:49,831  INFO RequestMappingHandlerMapping:543 - Mapped "{[/report/PurchaseWarn/index]}" onto public java.lang.String com.aukey.report.web.PurchaseWarnReportController.index(org.springframework.ui.ModelMap)
2018-05-18 15:45:49,831  INFO RequestMappingHandlerMapping:543 - Mapped "{[/report/PurchaseWarn/search]}" onto public com.aukey.report.utils.page.TableData<com.aukey.report.domain.PurchaseWarnReport> com.aukey.report.web.PurchaseWarnReportController.search(javax.servlet.http.HttpServletRequest,com.aukey.report.dto.PurchaseWarnParam,int,int)
2018-05-18 15:45:49,831  INFO RequestMappingHandlerMapping:543 - Mapped "{[/report/PurchaseWarn/export]}" onto public java.lang.String com.aukey.report.web.PurchaseWarnReportController.export(org.springframework.web.servlet.mvc.support.RedirectAttributes,com.aukey.report.dto.PurchaseWarnParam,int,int,javax.servlet.http.HttpServletRequest,javax.servlet.http.HttpServletResponse)
2018-05-18 15:45:49,831  INFO RequestMappingHandlerMapping:543 - Mapped "{[/report/PurchaseWarn/getSupplierInfo],methods=[GET]}" onto public java.util.List<com.aukey.report.domain.StrictSupplier> com.aukey.report.web.PurchaseWarnReportController.getSupplierAllInfo(java.lang.String)
2018-05-18 15:45:49,832  INFO RequestMappingHandlerMapping:543 - Mapped "{[/report/GetRoleList],methods=[GET]}" onto public com.aukey.domain.base.APIResult com.aukey.report.web.RoleRestcontroller.GetRoleList(org.springframework.ui.ModelMap)
2018-05-18 15:45:49,832  INFO RequestMappingHandlerMapping:543 - Mapped "{[/report/stock/age/index]}" onto public java.lang.String com.aukey.report.web.StockAgeReportController.index(org.springframework.ui.ModelMap)
2018-05-18 15:45:49,832  INFO RequestMappingHandlerMapping:543 - Mapped "{[/report/stock/age/search]}" onto public com.aukey.report.utils.page.TableData<com.aukey.report.vo.StockAgeReportVO> com.aukey.report.web.StockAgeReportController.search(com.aukey.report.dto.StockAgeReportParam,int,int)
2018-05-18 15:45:49,833  INFO RequestMappingHandlerMapping:543 - Mapped "{[/report/stock/age/export]}" onto public org.springframework.web.servlet.ModelAndView com.aukey.report.web.StockAgeReportController.export(com.aukey.report.dto.StockAgeReportParam,javax.servlet.http.HttpServletRequest,javax.servlet.http.HttpServletResponse)
2018-05-18 15:45:49,834  INFO RequestMappingHandlerMapping:543 - Mapped "{[/report/stock/age/preExport]}" onto public com.aukey.util.AjaxResponse com.aukey.report.web.StockAgeReportController.preExport(com.aukey.report.dto.StockAgeReportParam,javax.servlet.http.HttpServletRequest,javax.servlet.http.HttpServletResponse)
2018-05-18 15:45:49,834  INFO RequestMappingHandlerMapping:543 - Mapped "{[/report/stockverify/index]}" onto public org.springframework.web.servlet.ModelAndView com.aukey.report.web.stockverify.StockVerifyController.index(javax.servlet.http.HttpServletRequest,javax.servlet.http.HttpServletResponse)
2018-05-18 15:45:49,835  INFO RequestMappingHandlerMapping:543 - Mapped "{[/report/stockverify/search]}" onto public com.aukey.report.domain.base.TableData<com.aukey.report.domain.stockverify.StockVerifyReport> com.aukey.report.web.stockverify.StockVerifyController.search(java.lang.String,java.lang.String,java.lang.String,java.lang.String,java.lang.String)
2018-05-18 15:45:49,835  INFO RequestMappingHandlerMapping:543 - Mapped "{[/report/stockverify/export]}" onto public java.lang.String com.aukey.report.web.stockverify.StockVerifyController.export(javax.servlet.http.HttpServletRequest,javax.servlet.http.HttpServletResponse,java.lang.String,java.lang.String,java.lang.String,java.lang.String)
2018-05-18 15:45:49,836  INFO RequestMappingHandlerMapping:543 - Mapped "{[/storageReport/index]}" onto public java.lang.String com.aukey.report.web.StorageReportController.index(org.springframework.ui.ModelMap)
2018-05-18 15:45:49,836  INFO RequestMappingHandlerMapping:543 - Mapped "{[/storageReport/exportStorageList]}" onto public java.lang.String com.aukey.report.web.StorageReportController.export(org.springframework.web.servlet.mvc.support.RedirectAttributes,javax.servlet.http.HttpServletRequest,javax.servlet.http.HttpServletResponse,java.lang.String,java.lang.String,java.lang.String,java.lang.String,java.lang.String,java.lang.String,java.lang.String,java.lang.String,java.lang.String,java.lang.String,java.lang.String,java.lang.String,java.lang.String,java.lang.String,java.lang.String,java.lang.String)
2018-05-18 15:45:49,836  INFO RequestMappingHandlerMapping:543 - Mapped "{[/storageReport/search]}" onto public com.aukey.report.domain.base.TableData<com.aukey.report.domain.StorageReport> com.aukey.report.web.StorageReportController.showReceiveList(javax.servlet.http.HttpServletRequest,javax.servlet.http.HttpServletResponse,int,int,java.lang.String,java.lang.String,java.lang.String,java.lang.String,java.lang.String,java.lang.String,java.lang.String,java.lang.String,java.lang.String,java.lang.String,java.lang.String,java.lang.String,java.lang.String,java.lang.String,java.lang.String,java.lang.String)
2018-05-18 15:45:49,837  INFO RequestMappingHandlerMapping:543 - Mapped "{[/storageReport/querySock]}" onto public java.util.List<com.aukey.report.domain.StockModel> com.aukey.report.web.StorageReportController.querySock(java.lang.String,java.lang.Integer)
2018-05-18 15:45:49,837  INFO RequestMappingHandlerMapping:543 - Mapped "{[/TransferExport/search],methods=[GET]}" onto public com.aukey.report.utils.page.TableData<com.aukey.report.domain.transferExportInfo> com.aukey.report.web.TransferOverseaController.search(int,int,java.lang.String,java.lang.String)
2018-05-18 15:45:49,837  INFO RequestMappingHandlerMapping:543 - Mapped "{[/TransferExport/uploadFile],methods=[POST]}" onto public com.aukey.report.domain.base.Result com.aukey.report.web.TransferOverseaController.upLoadFile(org.springframework.web.multipart.MultipartFile,org.springframework.ui.ModelMap)
2018-05-18 15:45:49,838  INFO RequestMappingHandlerMapping:543 - Mapped "{[/TransferExport/index],methods=[GET]}" onto public java.lang.String com.aukey.report.web.TransferOverseaController.indexHtml(org.springframework.ui.ModelMap)
2018-05-18 15:45:49,838  INFO RequestMappingHandlerMapping:543 - Mapped "{[/TransferExport/exportFile],methods=[GET]}" onto public com.aukey.report.domain.base.Result com.aukey.report.web.TransferOverseaController.exportFile(java.lang.String,java.lang.String,javax.servlet.http.HttpServletRequest,javax.servlet.http.HttpServletResponse)
2018-05-18 15:45:49,838  INFO RequestMappingHandlerMapping:543 - Mapped "{[/report/transfer/index]}" onto public java.lang.String com.aukey.report.web.TransferReportController.index(org.springframework.ui.ModelMap)
2018-05-18 15:45:49,839  INFO RequestMappingHandlerMapping:543 - Mapped "{[/report/transfer/search]}" onto public com.aukey.report.utils.page.TableData<com.aukey.report.vo.TransferReportVO> com.aukey.report.web.TransferReportController.search(com.aukey.report.dto.TransferReportParam,int,int)
2018-05-18 15:45:49,839  INFO RequestMappingHandlerMapping:543 - Mapped "{[/report/transfer/export]}" onto public java.lang.String com.aukey.report.web.TransferReportController.export(org.springframework.web.servlet.mvc.support.RedirectAttributes,com.aukey.report.dto.TransferReportParam,javax.servlet.http.HttpServletRequest,javax.servlet.http.HttpServletResponse)
2018-05-18 15:45:49,839  INFO RequestMappingHandlerMapping:543 - Mapped "{[/report/transfer/preExport]}" onto public com.aukey.util.AjaxResponse com.aukey.report.web.TransferReportController.preExport(com.aukey.report.dto.TransferReportParam,javax.servlet.http.HttpServletRequest,javax.servlet.http.HttpServletResponse)
2018-05-18 15:45:49,839  INFO RequestMappingHandlerMapping:543 - Mapped "{[/report/warehouseAssessmentReport/index]}" onto public java.lang.String com.aukey.report.web.WarehouseAssessmentReportController.index(org.springframework.ui.ModelMap)
2018-05-18 15:45:49,840  INFO RequestMappingHandlerMapping:543 - Mapped "{[/report/warehouseAssessmentReport/search]}" onto public com.aukey.report.domain.base.TableData<com.aukey.report.domain.WarehouseAssessmentReport> com.aukey.report.web.WarehouseAssessmentReportController.showReceiveList(javax.servlet.http.HttpServletRequest,javax.servlet.http.HttpServletResponse,int,int,java.lang.String,java.lang.String,java.lang.String,java.lang.String,java.lang.String,java.lang.String,java.lang.String,java.lang.String,java.lang.String,java.lang.String,java.lang.String,java.lang.String,java.lang.String)
2018-05-18 15:45:49,840  INFO RequestMappingHandlerMapping:543 - Mapped "{[/error]}" onto public org.springframework.http.ResponseEntity<java.util.Map<java.lang.String, java.lang.Object>> org.springframework.boot.autoconfigure.web.BasicErrorController.error(javax.servlet.http.HttpServletRequest)
2018-05-18 15:45:49,841  INFO RequestMappingHandlerMapping:543 - Mapped "{[/error],produces=[text/html]}" onto public org.springframework.web.servlet.ModelAndView org.springframework.boot.autoconfigure.web.BasicErrorController.errorHtml(javax.servlet.http.HttpServletRequest,javax.servlet.http.HttpServletResponse)
2018-05-18 15:45:49,926  INFO SimpleUrlHandlerMapping:362 - Mapped URL path [/resources/**] onto handler of type [class org.springframework.web.servlet.resource.ResourceHttpRequestHandler]
2018-05-18 15:45:49,926  INFO SimpleUrlHandlerMapping:362 - Mapped URL path [/webjars/**] onto handler of type [class org.springframework.web.servlet.resource.ResourceHttpRequestHandler]
2018-05-18 15:45:49,926  INFO SimpleUrlHandlerMapping:362 - Mapped URL path [/**] onto handler of type [class org.springframework.web.servlet.resource.ResourceHttpRequestHandler]
2018-05-18 15:45:49,961  INFO ExceptionHandlerExceptionResolver:273 - Detected @ExceptionHandler methods in CustomizerError
2018-05-18 15:45:49,961  INFO ExceptionHandlerExceptionResolver:279 - Detected ResponseBodyAdvice implementation in org.springframework.boot.actuate.autoconfigure.EndpointWebMvcHypermediaManagementContextConfiguration$ActuatorEndpointLinksAdvice
2018-05-18 15:45:49,986  INFO SimpleUrlHandlerMapping:362 - Mapped URL path [/**/favicon.ico] onto handler of type [class org.springframework.web.servlet.resource.ResourceHttpRequestHandler]
2018-05-18 15:45:50,437  INFO DefaultSecurityFilterChain:43 - Creating filter chain: OrRequestMatcher [requestMatchers=[Ant [pattern='/fonts/**'], Ant [pattern='/ztree/**'], Ant [pattern='/images/**'], Ant [pattern='/bootstrap*/**'], Ant [pattern='/css/**'], Ant [pattern='/js/**'], Ant [pattern='/favicon.ico'], Ant [pattern='/webjars/**'], Ant [pattern='/images/**'], Ant [pattern='/bootstrap/**'], Ant [pattern='/jquery/**'], Ant [pattern='/index'], Ant [pattern='/health'], Ant [pattern='/metrics'], Ant [pattern='/dump'], Ant [pattern='/info'], Ant [pattern='/logging'], Ant [pattern='/jmx'], Ant [pattern='/threads'], Ant [pattern='/trace'], Ant [pattern='/configprops'], Ant [pattern='/jolokia/**'], Ant [pattern='/error']]], []
2018-05-18 15:45:50,438  INFO DefaultSecurityFilterChain:43 - Creating filter chain: org.springframework.boot.actuate.autoconfigure.ManagementWebSecurityAutoConfiguration$LazyEndpointPathRequestMatcher@7c5bdbf2, []
2018-05-18 15:45:50,438  INFO DefaultSecurityFilterChain:43 - Creating filter chain: Ant [pattern='/css/**'], []
2018-05-18 15:45:50,438  INFO DefaultSecurityFilterChain:43 - Creating filter chain: Ant [pattern='/js/**'], []
2018-05-18 15:45:50,438  INFO DefaultSecurityFilterChain:43 - Creating filter chain: Ant [pattern='/images/**'], []
2018-05-18 15:45:50,438  INFO DefaultSecurityFilterChain:43 - Creating filter chain: Ant [pattern='/bootstrap/**'], []
2018-05-18 15:45:50,438  INFO DefaultSecurityFilterChain:43 - Creating filter chain: Ant [pattern='/bootstrap-datetimepicker/**'], []
2018-05-18 15:45:50,438  INFO DefaultSecurityFilterChain:43 - Creating filter chain: Ant [pattern='/bootstrap-fileinput/**'], []
2018-05-18 15:45:50,439  INFO DefaultSecurityFilterChain:43 - Creating filter chain: Ant [pattern='/bootstrap-lightbox/**'], []
2018-05-18 15:45:50,439  INFO DefaultSecurityFilterChain:43 - Creating filter chain: Ant [pattern='/bootstrap-modal/**'], []
2018-05-18 15:45:50,439  INFO DefaultSecurityFilterChain:43 - Creating filter chain: Ant [pattern='/bootstrap-select/**'], []
2018-05-18 15:45:50,439  INFO DefaultSecurityFilterChain:43 - Creating filter chain: Ant [pattern='/bootstrap-table/**'], []
2018-05-18 15:45:50,439  INFO DefaultSecurityFilterChain:43 - Creating filter chain: Ant [pattern='/category/**'], []
2018-05-18 15:45:50,439  INFO DefaultSecurityFilterChain:43 - Creating filter chain: Ant [pattern='/ckeditor/**'], []
2018-05-18 15:45:50,439  INFO DefaultSecurityFilterChain:43 - Creating filter chain: Ant [pattern='/echarts/**'], []
2018-05-18 15:45:50,439  INFO DefaultSecurityFilterChain:43 - Creating filter chain: Ant [pattern='/flyer/**'], []
2018-05-18 15:45:50,440  INFO DefaultSecurityFilterChain:43 - Creating filter chain: Ant [pattern='/fonts/**'], []
2018-05-18 15:45:50,440  INFO DefaultSecurityFilterChain:43 - Creating filter chain: Ant [pattern='/landing/**'], []
2018-05-18 15:45:50,440  INFO DefaultSecurityFilterChain:43 - Creating filter chain: Ant [pattern='/wishaccount/**'], []
2018-05-18 15:45:50,440  INFO DefaultSecurityFilterChain:43 - Creating filter chain: Ant [pattern='/ztree/**'], []
2018-05-18 15:45:50,501  INFO DefaultSecurityFilterChain:43 - Creating filter chain: org.springframework.security.web.util.matcher.AnyRequestMatcher@1, [org.springframework.security.web.context.request.async.WebAsyncManagerIntegrationFilter@56943f09, org.springframework.security.web.context.SecurityContextPersistenceFilter@2324d4f9, com.aukey.security.CustomBeforeSecurityContextFilter@26bbaff3, org.springframework.security.web.header.HeaderWriterFilter@1fafaa4d, org.springframework.security.web.csrf.CsrfFilter@1b234a40, com.aukey.report.configuration.LoginConfigurer$3@41f7d735, org.springframework.security.web.authentication.logout.LogoutFilter@575bddae, org.springframework.security.oauth2.client.filter.OAuth2ClientAuthenticationProcessingFilter@7262b226, org.springframework.security.web.authentication.UsernamePasswordAuthenticationFilter@ad824be, org.springframework.security.web.savedrequest.RequestCacheAwareFilter@67690403, org.springframework.security.web.servletapi.SecurityContextHolderAwareRequestFilter@302a417d, org.springframework.security.web.authentication.AnonymousAuthenticationFilter@579b714, org.springframework.security.web.session.SessionManagementFilter@2d89a871, org.springframework.security.web.access.ExceptionTranslationFilter@56da4b2a, com.aukey.security.MatchSecurityUserFilter@7ec6547f, org.springframework.security.web.access.intercept.FilterSecurityInterceptor@3d29457c]
2018-05-18 15:45:50,514  INFO DefaultSecurityFilterChain:43 - Creating filter chain: OrRequestMatcher [requestMatchers=[Ant [pattern='/**']]], [org.springframework.security.web.context.request.async.WebAsyncManagerIntegrationFilter@73f95b35, org.springframework.security.web.context.SecurityContextPersistenceFilter@26180408, org.springframework.security.web.header.HeaderWriterFilter@4820a6a3, org.springframework.security.web.authentication.logout.LogoutFilter@3692a9f7, org.springframework.security.web.authentication.www.BasicAuthenticationFilter@50ccd369, org.springframework.security.web.savedrequest.RequestCacheAwareFilter@31809642, org.springframework.security.web.servletapi.SecurityContextHolderAwareRequestFilter@7c582b6f, org.springframework.security.web.authentication.AnonymousAuthenticationFilter@20bcec3d, org.springframework.security.web.session.SessionManagementFilter@d68fd1e, org.springframework.security.web.access.ExceptionTranslationFilter@fc30980, org.springframework.security.web.access.intercept.FilterSecurityInterceptor@6b45fba4]
2018-05-18 15:45:51,154  INFO EndpointHandlerMapping:543 - Mapped "{[/actuator || /actuator.json],methods=[GET],produces=[application/vnd.spring-boot.actuator.v1+json || application/json]}" onto public org.springframework.hateoas.ResourceSupport org.springframework.boot.actuate.endpoint.mvc.HalJsonMvcEndpoint.links()
2018-05-18 15:45:51,155  INFO EndpointHandlerMapping:543 - Mapped "{[/restart || /restart.json],methods=[POST]}" onto public java.lang.Object org.springframework.cloud.context.restart.RestartMvcEndpoint.invoke()
2018-05-18 15:45:51,156  INFO EndpointHandlerMapping:543 - Mapped "{[/trace || /trace.json],methods=[GET],produces=[application/vnd.spring-boot.actuator.v1+json || application/json]}" onto public java.lang.Object org.springframework.boot.actuate.endpoint.mvc.EndpointMvcAdapter.invoke()
2018-05-18 15:45:51,157  INFO EndpointHandlerMapping:543 - Mapped "{[/jolokia/**]}" onto public org.springframework.web.servlet.ModelAndView org.springframework.boot.actuate.endpoint.mvc.JolokiaMvcEndpoint.handle(javax.servlet.http.HttpServletRequest,javax.servlet.http.HttpServletResponse) throws java.lang.Exception
2018-05-18 15:45:51,158  INFO EndpointHandlerMapping:543 - Mapped "{[/loggers/{name:.*}],methods=[GET],produces=[application/vnd.spring-boot.actuator.v1+json || application/json]}" onto public java.lang.Object org.springframework.boot.actuate.endpoint.mvc.LoggersMvcEndpoint.get(java.lang.String)
2018-05-18 15:45:51,159  INFO EndpointHandlerMapping:543 - Mapped "{[/loggers/{name:.*}],methods=[POST],consumes=[application/vnd.spring-boot.actuator.v1+json || application/json],produces=[application/vnd.spring-boot.actuator.v1+json || application/json]}" onto public java.lang.Object org.springframework.boot.actuate.endpoint.mvc.LoggersMvcEndpoint.set(java.lang.String,java.util.Map<java.lang.String, java.lang.String>)
2018-05-18 15:45:51,159  INFO EndpointHandlerMapping:543 - Mapped "{[/loggers || /loggers.json],methods=[GET],produces=[application/vnd.spring-boot.actuator.v1+json || application/json]}" onto public java.lang.Object org.springframework.boot.actuate.endpoint.mvc.EndpointMvcAdapter.invoke()
2018-05-18 15:45:51,159  INFO EndpointHandlerMapping:543 - Mapped "{[/resume || /resume.json],methods=[POST]}" onto public java.lang.Object org.springframework.cloud.endpoint.GenericPostableMvcEndpoint.invoke()
2018-05-18 15:45:51,159  INFO EndpointHandlerMapping:543 - Mapped "{[/beans || /beans.json],methods=[GET],produces=[application/vnd.spring-boot.actuator.v1+json || application/json]}" onto public java.lang.Object org.springframework.boot.actuate.endpoint.mvc.EndpointMvcAdapter.invoke()
2018-05-18 15:45:51,160  INFO EndpointHandlerMapping:543 - Mapped "{[/info || /info.json],methods=[GET],produces=[application/vnd.spring-boot.actuator.v1+json || application/json]}" onto public java.lang.Object org.springframework.boot.actuate.endpoint.mvc.EndpointMvcAdapter.invoke()
2018-05-18 15:45:51,161  INFO EndpointHandlerMapping:543 - Mapped "{[/auditevents || /auditevents.json],methods=[GET],produces=[application/vnd.spring-boot.actuator.v1+json || application/json]}" onto public org.springframework.http.ResponseEntity<?> org.springframework.boot.actuate.endpoint.mvc.AuditEventsMvcEndpoint.findByPrincipalAndAfterAndType(java.lang.String,java.util.Date,java.lang.String)
2018-05-18 15:45:51,162  INFO EndpointHandlerMapping:543 - Mapped "{[/heapdump || /heapdump.json],methods=[GET],produces=[application/octet-stream]}" onto public void org.springframework.boot.actuate.endpoint.mvc.HeapdumpMvcEndpoint.invoke(boolean,javax.servlet.http.HttpServletRequest,javax.servlet.http.HttpServletResponse) throws java.io.IOException,javax.servlet.ServletException
2018-05-18 15:45:51,162  INFO EndpointHandlerMapping:543 - Mapped "{[/refresh || /refresh.json],methods=[POST]}" onto public java.lang.Object org.springframework.cloud.endpoint.GenericPostableMvcEndpoint.invoke()
2018-05-18 15:45:51,162  INFO EndpointHandlerMapping:543 - Mapped "{[/mappings || /mappings.json],methods=[GET],produces=[application/vnd.spring-boot.actuator.v1+json || application/json]}" onto public java.lang.Object org.springframework.boot.actuate.endpoint.mvc.EndpointMvcAdapter.invoke()
2018-05-18 15:45:51,163  INFO EndpointHandlerMapping:543 - Mapped "{[/dump || /dump.json],methods=[GET],produces=[application/vnd.spring-boot.actuator.v1+json || application/json]}" onto public java.lang.Object org.springframework.boot.actuate.endpoint.mvc.EndpointMvcAdapter.invoke()
2018-05-18 15:45:51,164  INFO EndpointHandlerMapping:543 - Mapped "{[/metrics/{name:.*}],methods=[GET],produces=[application/vnd.spring-boot.actuator.v1+json || application/json]}" onto public java.lang.Object org.springframework.boot.actuate.endpoint.mvc.MetricsMvcEndpoint.value(java.lang.String)
2018-05-18 15:45:51,164  INFO EndpointHandlerMapping:543 - Mapped "{[/metrics || /metrics.json],methods=[GET],produces=[application/vnd.spring-boot.actuator.v1+json || application/json]}" onto public java.lang.Object org.springframework.boot.actuate.endpoint.mvc.EndpointMvcAdapter.invoke()
2018-05-18 15:45:51,164  INFO EndpointHandlerMapping:543 - Mapped "{[/configprops || /configprops.json],methods=[GET],produces=[application/vnd.spring-boot.actuator.v1+json || application/json]}" onto public java.lang.Object org.springframework.boot.actuate.endpoint.mvc.EndpointMvcAdapter.invoke()
2018-05-18 15:45:51,164  INFO EndpointHandlerMapping:543 - Mapped "{[/pause || /pause.json],methods=[POST]}" onto public java.lang.Object org.springframework.cloud.endpoint.GenericPostableMvcEndpoint.invoke()
2018-05-18 15:45:51,164  INFO EndpointHandlerMapping:543 - Mapped "{[/autoconfig || /autoconfig.json],methods=[GET],produces=[application/vnd.spring-boot.actuator.v1+json || application/json]}" onto public java.lang.Object org.springframework.boot.actuate.endpoint.mvc.EndpointMvcAdapter.invoke()
2018-05-18 15:45:51,165  INFO EndpointHandlerMapping:543 - Mapped "{[/env/{name:.*}],methods=[GET],produces=[application/vnd.spring-boot.actuator.v1+json || application/json]}" onto public java.lang.Object org.springframework.boot.actuate.endpoint.mvc.EnvironmentMvcEndpoint.value(java.lang.String)
2018-05-18 15:45:51,165  INFO EndpointHandlerMapping:543 - Mapped "{[/env || /env.json],methods=[GET],produces=[application/vnd.spring-boot.actuator.v1+json || application/json]}" onto public java.lang.Object org.springframework.boot.actuate.endpoint.mvc.EndpointMvcAdapter.invoke()
2018-05-18 15:45:51,166  INFO EndpointHandlerMapping:543 - Mapped "{[/health || /health.json],methods=[GET],produces=[application/vnd.spring-boot.actuator.v1+json || application/json]}" onto public java.lang.Object org.springframework.boot.actuate.endpoint.mvc.HealthMvcEndpoint.invoke(javax.servlet.http.HttpServletRequest,java.security.Principal)
2018-05-18 15:45:51,166  INFO EndpointHandlerMapping:543 - Mapped "{[/env],methods=[POST]}" onto public java.lang.Object org.springframework.cloud.context.environment.EnvironmentManagerMvcEndpoint.value(java.util.Map<java.lang.String, java.lang.String>)
2018-05-18 15:45:51,166  INFO EndpointHandlerMapping:543 - Mapped "{[/env/reset],methods=[POST]}" onto public java.util.Map<java.lang.String, java.lang.Object> org.springframework.cloud.context.environment.EnvironmentManagerMvcEndpoint.reset()
2018-05-18 15:45:51,166  INFO EndpointHandlerMapping:543 - Mapped "{[/archaius || /archaius.json],methods=[GET],produces=[application/vnd.spring-boot.actuator.v1+json || application/json]}" onto public java.lang.Object org.springframework.boot.actuate.endpoint.mvc.EndpointMvcAdapter.invoke()
2018-05-18 15:45:51,167  INFO EndpointHandlerMapping:543 - Mapped "{[/features || /features.json],methods=[GET],produces=[application/vnd.spring-boot.actuator.v1+json || application/json]}" onto public java.lang.Object org.springframework.boot.actuate.endpoint.mvc.EndpointMvcAdapter.invoke()
2018-05-18 15:45:51,715  INFO FreeMarkerConfigurer:127 - ClassTemplateLoader for Spring macros added to FreeMarker configuration
2018-05-18 15:45:52,764  INFO OptionalLiveReloadServer:58 - LiveReload server is running on port 35729
2018-05-18 15:45:52,768  WARN RedisStarterDeprecationWarningAutoConfiguration:43 - spring-boot-starter-redis is deprecated as of Spring Boot 1.4, please migrate to spring-boot-starter-data-redis
2018-05-18 15:45:52,851  WARN URLConfigurationSource:121 - No URLs will be polled as dynamic configuration sources.
2018-05-18 15:45:52,852  INFO URLConfigurationSource:122 - To enable URLs as dynamic configuration sources, define System property archaius.configurationSource.additionalUrls or make config.properties available on classpath.
2018-05-18 15:45:53,261  INFO AnnotationMBeanExporter:431 - Registering beans for JMX exposure on startup
2018-05-18 15:45:53,263  INFO AnnotationMBeanExporter:916 - Bean with name 'refreshScope' has been autodetected for JMX exposure
2018-05-18 15:45:53,264  INFO AnnotationMBeanExporter:916 - Bean with name 'environmentManager' has been autodetected for JMX exposure
2018-05-18 15:45:53,265  INFO AnnotationMBeanExporter:916 - Bean with name 'configurationPropertiesRebinder' has been autodetected for JMX exposure
2018-05-18 15:45:53,265  INFO AnnotationMBeanExporter:916 - Bean with name 'refreshEndpoint' has been autodetected for JMX exposure
2018-05-18 15:45:53,265  INFO AnnotationMBeanExporter:916 - Bean with name 'restartEndpoint' has been autodetected for JMX exposure
2018-05-18 15:45:53,266  INFO AnnotationMBeanExporter:678 - Located managed bean 'environmentManager': registering with JMX server as MBean [aukey-report:name=environmentManager,type=EnvironmentManager]
2018-05-18 15:45:53,269  INFO AnnotationMBeanExporter:678 - Located managed bean 'restartEndpoint': registering with JMX server as MBean [aukey-report:name=restartEndpoint,type=RestartEndpoint]
2018-05-18 15:45:53,275  INFO AnnotationMBeanExporter:678 - Located managed bean 'refreshScope': registering with JMX server as MBean [aukey-report:name=refreshScope,type=RefreshScope]
2018-05-18 15:45:53,354  INFO AnnotationMBeanExporter:678 - Located managed bean 'configurationPropertiesRebinder': registering with JMX server as MBean [aukey-report:name=configurationPropertiesRebinder,type=ConfigurationPropertiesRebinder]
2018-05-18 15:45:53,359  INFO AnnotationMBeanExporter:678 - Located managed bean 'refreshEndpoint': registering with JMX server as MBean [aukey-report:name=refreshEndpoint,type=RefreshEndpoint]
2018-05-18 15:45:53,363  INFO EndpointMBeanExporter:431 - Registering beans for JMX exposure on startup
2018-05-18 15:45:53,646  INFO DefaultLifecycleProcessor:343 - Starting beans in phase 0
2018-05-18 15:45:53,648  INFO EndpointMBeanExporter:678 - Located managed bean 'auditEventsEndpoint': registering with JMX server as MBean [org.springframework.boot:type=Endpoint,name=auditEventsEndpoint]
2018-05-18 15:45:53,719  INFO EndpointMBeanExporter:678 - Located managed bean 'featuresEndpoint': registering with JMX server as MBean [org.springframework.boot:type=Endpoint,name=featuresEndpoint]
2018-05-18 15:45:53,735  INFO EndpointMBeanExporter:678 - Located managed bean 'requestMappingEndpoint': registering with JMX server as MBean [org.springframework.boot:type=Endpoint,name=requestMappingEndpoint]
2018-05-18 15:45:53,737  INFO EndpointMBeanExporter:678 - Located managed bean 'environmentEndpoint': registering with JMX server as MBean [org.springframework.boot:type=Endpoint,name=environmentEndpoint]
2018-05-18 15:45:53,739  INFO EndpointMBeanExporter:678 - Located managed bean 'healthEndpoint': registering with JMX server as MBean [org.springframework.boot:type=Endpoint,name=healthEndpoint]
2018-05-18 15:45:53,740  INFO EndpointMBeanExporter:678 - Located managed bean 'beansEndpoint': registering with JMX server as MBean [org.springframework.boot:type=Endpoint,name=beansEndpoint]
2018-05-18 15:45:53,742  INFO EndpointMBeanExporter:678 - Located managed bean 'infoEndpoint': registering with JMX server as MBean [org.springframework.boot:type=Endpoint,name=infoEndpoint]
2018-05-18 15:45:53,744  INFO EndpointMBeanExporter:678 - Located managed bean 'loggersEndpoint': registering with JMX server as MBean [org.springframework.boot:type=Endpoint,name=loggersEndpoint]
2018-05-18 15:45:53,747  INFO EndpointMBeanExporter:678 - Located managed bean 'metricsEndpoint': registering with JMX server as MBean [org.springframework.boot:type=Endpoint,name=metricsEndpoint]
2018-05-18 15:45:53,749  INFO EndpointMBeanExporter:678 - Located managed bean 'traceEndpoint': registering with JMX server as MBean [org.springframework.boot:type=Endpoint,name=traceEndpoint]
2018-05-18 15:45:53,751  INFO EndpointMBeanExporter:678 - Located managed bean 'dumpEndpoint': registering with JMX server as MBean [org.springframework.boot:type=Endpoint,name=dumpEndpoint]
2018-05-18 15:45:53,753  INFO EndpointMBeanExporter:678 - Located managed bean 'autoConfigurationReportEndpoint': registering with JMX server as MBean [org.springframework.boot:type=Endpoint,name=autoConfigurationReportEndpoint]
2018-05-18 15:45:53,755  INFO EndpointMBeanExporter:678 - Located managed bean 'configurationPropertiesReportEndpoint': registering with JMX server as MBean [org.springframework.boot:type=Endpoint,name=configurationPropertiesReportEndpoint]
2018-05-18 15:45:53,756  INFO EndpointMBeanExporter:678 - Located managed bean 'archaiusEndpoint': registering with JMX server as MBean [org.springframework.boot:type=Endpoint,name=archaiusEndpoint]
2018-05-18 15:45:53,830  INFO ScheduledAnnotationBeanPostProcessor:260 - No TaskScheduler/ScheduledExecutorService bean found for scheduled processing
2018-05-18 15:45:53,903  INFO TomcatEmbeddedServletContainer:198 - Tomcat started on port(s): 8088 (http)
2018-05-18 15:45:54,226  INFO Application:57 - Started Application in 28.099 seconds (JVM running for 86778.393)
2018-05-18 15:45:54,313  INFO ApplicationRegistrator:83 - Application registered itself as {managementUrl=http://report-bi.qa.aukeyit.com, healthUrl=http://report-bi.qa.aukeyit.com/health, serviceUrl=http://report-bi.qa.aukeyit.com, name=aukey-report, id=ea79980b, statusInfo={status=UP, timestamp=1526629557274}}
2018-05-18 15:46:01,203  INFO PurchaseTask:26 - 计算开票数量及状态耗时1秒
2018-05-18 15:48:01,502  INFO PurchaseTask:26 - 计算开票数量及状态耗时1秒
2018-05-18 15:50:00,934  INFO PurchaseTask:26 - 计算开票数量及状态耗时0秒
2018-05-18 15:52:00,945  INFO PurchaseTask:26 - 计算开票数量及状态耗时0秒
2018-05-18 15:54:01,268  INFO PurchaseTask:26 - 计算开票数量及状态耗时1秒
2018-05-18 15:56:00,882  INFO PurchaseTask:26 - 计算开票数量及状态耗时0秒
2018-05-18 15:58:00,959  INFO PurchaseTask:26 - 计算开票数量及状态耗时0秒
